#
# There is insufficient memory for the Java Runtime Environment to continue.
# Native memory allocation (malloc) failed to allocate 32744 bytes for ChunkPool::allocate
# Possible reasons:
#   The system is out of physical RAM or swap space
#   The process is running with CompressedOops enabled, and the Java Heap may be blocking the growth of the native heap
# Possible solutions:
#   Reduce memory load on the system
#   Increase physical memory or swap space
#   Check if swap backing store is full
#   Decrease Java heap size (-Xmx/-Xms)
#   Decrease number of Java threads
#   Decrease Java thread stack sizes (-Xss)
#   Set larger code cache with -XX:ReservedCodeCacheSize=
#   JVM is running with Unscaled Compressed Oops mode in which the Java heap is
#     placed in the first 4GB address space. The Java Heap base address is the
#     maximum limit for the native heap growth. Please use -XX:HeapBaseMinAddress
#     to set the Java Heap base and to place the Java Heap above 4GB virtual address.
# This output file may be truncated or incomplete.
#
#  Out of Memory Error (allocation.cpp:272), pid=16172, tid=0x00000000000008f4
#
# JRE version: Java(TM) SE Runtime Environment (8.0_333-b02) (build 1.8.0_333-b02)
# Java VM: Java HotSpot(TM) 64-Bit Server VM (25.333-b02 mixed mode windows-amd64 compressed oops)
# Failed to write core dump. Minidumps are not enabled by default on client versions of Windows
#

---------------  T H R E A D  ---------------

Current thread (0x0000028077eb5000):  JavaThread "Druid-ConnectionPool-Create-1202402952" daemon [_thread_in_vm, id=2292, stack(0x00000094f3800000,0x00000094f3900000)]

Stack: [0x00000094f3800000,0x00000094f3900000]
Native frames: (J=compiled Java code, j=interpreted, Vv=VM code, C=native code)
V  [jvm.dll+0x32fc49]
V  [jvm.dll+0x2761a2]
V  [jvm.dll+0x276e4d]
V  [jvm.dll+0x26d7f5]
V  [jvm.dll+0xd5ead]
V  [jvm.dll+0xd620c]
V  [jvm.dll+0x2403dd]
V  [jvm.dll+0x23c077]
V  [jvm.dll+0x1f9d47]
V  [jvm.dll+0x1fae1a]
V  [jvm.dll+0x1fa907]
V  [jvm.dll+0x234601]
V  [jvm.dll+0x194a16]
C  0x000002805f6bdc50

Java frames: (J=compiled Java code, j=interpreted, Vv=VM code)
J 100  java.lang.Object.hashCode()I (0 bytes) @ 0x000002805f6bdbbb [0x000002805f6bdb80+0x3b]
J 1285 C1 java.util.HashMap.remove(Ljava/lang/Object;)Ljava/lang/Object; (26 bytes) @ 0x000002805f9c4fd4 [0x000002805f9c4e20+0x1b4]
J 1539 C1 java.util.HashSet.remove(Ljava/lang/Object;)Z (20 bytes) @ 0x000002805fa7d884 [0x000002805fa7d780+0x104]
j  com.mysql.jdbc.StatementImpl.removeOpenResultSet(Lcom/mysql/jdbc/ResultSetInternalMethods;)V+24
j  com.mysql.jdbc.ResultSetImpl.realClose(Z)V+638
j  com.mysql.jdbc.ResultSetImpl.close()V+2
j  com.mysql.jdbc.ConnectionImpl.handleAutoCommitDefaults()V+122
j  com.mysql.jdbc.ConnectionImpl.initializePropsFromServer()V+728
j  com.mysql.jdbc.ConnectionImpl.connectWithRetries(ZLjava/util/Properties;)V+129
j  com.mysql.jdbc.ConnectionImpl.createNewIO(Z)V+35
j  com.mysql.jdbc.ConnectionImpl.<init>(Ljava/lang/String;ILjava/util/Properties;Ljava/lang/String;Ljava/lang/String;)V+773
j  com.mysql.jdbc.JDBC4Connection.<init>(Ljava/lang/String;ILjava/util/Properties;Ljava/lang/String;Ljava/lang/String;)V+8
v  ~StubRoutines::call_stub
J 1272  sun.reflect.NativeConstructorAccessorImpl.newInstance0(Ljava/lang/reflect/Constructor;[Ljava/lang/Object;)Ljava/lang/Object; (0 bytes) @ 0x000002805f9b75e6 [0x000002805f9b7580+0x66]
J 1271 C1 sun.reflect.NativeConstructorAccessorImpl.newInstance([Ljava/lang/Object;)Ljava/lang/Object; (89 bytes) @ 0x000002805f9b8b14 [0x000002805f9b7ac0+0x1054]
J 1259 C1 sun.reflect.DelegatingConstructorAccessorImpl.newInstance([Ljava/lang/Object;)Ljava/lang/Object; (9 bytes) @ 0x000002805f9b04c4 [0x000002805f9b03c0+0x104]
J 1258 C1 java.lang.reflect.Constructor.newInstance([Ljava/lang/Object;)Ljava/lang/Object; (87 bytes) @ 0x000002805f9acccc [0x000002805f9ac800+0x4cc]
j  com.mysql.jdbc.Util.handleNewInstance(Ljava/lang/reflect/Constructor;[Ljava/lang/Object;Lcom/mysql/jdbc/ExceptionInterceptor;)Ljava/lang/Object;+2
j  com.mysql.jdbc.ConnectionImpl.getInstance(Ljava/lang/String;ILjava/util/Properties;Ljava/lang/String;Ljava/lang/String;)Lcom/mysql/jdbc/Connection;+52
j  com.mysql.jdbc.NonRegisteringDriver.connect(Ljava/lang/String;Ljava/util/Properties;)Ljava/sql/Connection;+101
j  com.alibaba.druid.pool.DruidAbstractDataSource.createPhysicalConnection(Ljava/lang/String;Ljava/util/Properties;)Ljava/sql/Connection;+18
j  com.alibaba.druid.pool.DruidAbstractDataSource.createPhysicalConnection()Lcom/alibaba/druid/pool/DruidAbstractDataSource$PhysicalConnectionInfo;+233
j  com.alibaba.druid.pool.DruidDataSource$CreateConnectionThread.run()V+381
v  ~StubRoutines::call_stub

---------------  P R O C E S S  ---------------

Java Threads: ( => current thread )
  0x0000028075ad9000 JavaThread "Druid-ConnectionPool-Destroy-1202402952" daemon [_thread_blocked, id=3932, stack(0x00000094f3900000,0x00000094f3a00000)]
=>0x0000028077eb5000 JavaThread "Druid-ConnectionPool-Create-1202402952" daemon [_thread_in_vm, id=2292, stack(0x00000094f3800000,0x00000094f3900000)]
  0x00000280781a3000 JavaThread "Abandoned connection cleanup thread" daemon [_thread_blocked, id=3964, stack(0x00000094f3700000,0x00000094f3800000)]
  0x0000028075dbb000 JavaThread "container-0" [_thread_blocked, id=13980, stack(0x00000094f3600000,0x00000094f3700000)]
  0x0000028075ac9800 JavaThread "Catalina-utility-2" [_thread_blocked, id=13672, stack(0x00000094f3500000,0x00000094f3600000)]
  0x0000028075b28800 JavaThread "Catalina-utility-1" [_thread_blocked, id=11716, stack(0x00000094f3400000,0x00000094f3500000)]
  0x00000280758a0800 JavaThread "Service Thread" daemon [_thread_blocked, id=14696, stack(0x00000094f3200000,0x00000094f3300000)]
  0x00000280757d5800 JavaThread "C1 CompilerThread2" daemon [_thread_blocked, id=9008, stack(0x00000094f3100000,0x00000094f3200000)]
  0x00000280757d2000 JavaThread "C2 CompilerThread1" daemon [_thread_in_native, id=960, stack(0x00000094f3000000,0x00000094f3100000)]
  0x00000280757d0000 JavaThread "C2 CompilerThread0" daemon [_thread_in_native, id=16412, stack(0x00000094f2f00000,0x00000094f3000000)]
  0x00000280757b4800 JavaThread "Monitor Ctrl-Break" daemon [_thread_in_native, id=18236, stack(0x00000094f2e00000,0x00000094f2f00000)]
  0x0000028073d34000 JavaThread "Attach Listener" daemon [_thread_blocked, id=18420, stack(0x00000094f2d00000,0x00000094f2e00000)]
  0x0000028073d1f800 JavaThread "Signal Dispatcher" daemon [_thread_blocked, id=10624, stack(0x00000094f2c00000,0x00000094f2d00000)]
  0x0000028073cab000 JavaThread "Finalizer" daemon [_thread_blocked, id=7300, stack(0x00000094f2b00000,0x00000094f2c00000)]
  0x0000028073ca3800 JavaThread "Reference Handler" daemon [_thread_blocked, id=11656, stack(0x00000094f2a00000,0x00000094f2b00000)]
  0x000002805db96800 JavaThread "main" [_thread_blocked, id=16196, stack(0x00000094f2200000,0x00000094f2300000)]

Other Threads:
  0x0000028073c7b800 VMThread [stack: 0x00000094f2900000,0x00000094f2a00000] [id=10168]
  0x000002807590d000 WatcherThread [stack: 0x00000094f3300000,0x00000094f3400000] [id=2908]

VM state:not at safepoint (normal execution)

VM Mutex/Monitor currently owned by a thread: None

heap address: 0x0000000082c00000, size: 2004 MB, Compressed Oops mode: 32-bit
Narrow klass base: 0x0000000000000000, Narrow klass shift: 3
Compressed class space size: 1073741824 Address: 0x0000000100000000

Heap:
 PSYoungGen      total 280576K, used 88373K [0x00000000d6400000, 0x00000000e9800000, 0x0000000100000000)
  eden space 252928K, 34% used [0x00000000d6400000,0x00000000dba4d448,0x00000000e5b00000)
  from space 27648K, 0% used [0x00000000e7500000,0x00000000e7500000,0x00000000e9000000)
  to   space 26624K, 0% used [0x00000000e5b00000,0x00000000e5b00000,0x00000000e7500000)
 ParOldGen       total 86528K, used 19328K [0x0000000082c00000, 0x0000000088080000, 0x00000000d6400000)
  object space 86528K, 22% used [0x0000000082c00000,0x0000000083ee03c8,0x0000000088080000)
 Metaspace       used 40551K, capacity 42626K, committed 42840K, reserved 1087488K
  class space    used 5077K, capacity 5441K, committed 5504K, reserved 1048576K

Card table byte_map: [0x000002806e930000,0x000002806ed20000] byte_map_base: 0x000002806e51a000

Marking Bits: (ParMarkBitMap*) 0x0000000059f29030
 Begin Bits: [0x000002806efc0000, 0x0000028070f10000)
 End Bits:   [0x0000028070f10000, 0x0000028072e60000)

Polling page: 0x000002805dd90000

CodeCache: size=245760Kb used=13174Kb max_used=13174Kb free=232585Kb
 bounds [0x000002805f570000, 0x0000028060260000, 0x000002806e570000]
 total_blobs=4163 nmethods=3680 adapters=395
 compilation: enabled

Compilation events (10 events):
Event: 4.617 Thread 0x00000280757d5800 4128       3       com.mysql.jdbc.SingleByteCharsetConverter::<clinit> (80 bytes)
Event: 4.617 Thread 0x00000280757d5800 nmethod 4128 0x0000028060252c10 code [0x0000028060252de0, 0x0000028060253758]
Event: 4.617 Thread 0x00000280757d5800 4129       3       java.nio.ByteBuffer::allocate (22 bytes)
Event: 4.617 Thread 0x00000280757d5800 nmethod 4129 0x0000028060253b10 code [0x0000028060253ca0, 0x0000028060254080]
Event: 4.617 Thread 0x00000280757d5800 4130       3       java.nio.HeapByteBuffer::<init> (13 bytes)
Event: 4.617 Thread 0x00000280757d5800 nmethod 4130 0x0000028060254210 code [0x0000028060254380, 0x00000280602545b0]
Event: 4.624 Thread 0x00000280757d5800 4131       1       com.mysql.jdbc.Buffer::getPosition (5 bytes)
Event: 4.624 Thread 0x00000280757d5800 nmethod 4131 0x0000028060254c50 code [0x0000028060254da0, 0x0000028060254eb8]
Event: 4.641 Thread 0x00000280757d5800 4132       1       com.mysql.jdbc.MysqlIO::getServerMajorVersion (5 bytes)
Event: 4.641 Thread 0x00000280757d5800 nmethod 4132 0x0000028060256790 code [0x00000280602568e0, 0x00000280602569f8]

GC Heap History (10 events):
Event: 2.229 GC heap before
{Heap before GC invocations=8 (full 1):
 PSYoungGen      total 115712K, used 113917K [0x00000000d6400000, 0x00000000dde80000, 0x0000000100000000)
  eden space 107008K, 100% used [0x00000000d6400000,0x00000000dcc80000,0x00000000dcc80000)
  from space 8704K, 79% used [0x00000000dd500000,0x00000000ddbbf718,0x00000000ddd80000)
  to   space 8704K, 0% used [0x00000000dcc80000,0x00000000dcc80000,0x00000000dd500000)
 ParOldGen       total 54784K, used 6963K [0x0000000082c00000, 0x0000000086180000, 0x00000000d6400000)
  object space 54784K, 12% used [0x0000000082c00000,0x00000000832ccf68,0x0000000086180000)
 Metaspace       used 22172K, capacity 23124K, committed 23296K, reserved 1069056K
  class space    used 2744K, capacity 2946K, committed 3072K, reserved 1048576K
Event: 2.248 GC heap after
Heap after GC invocations=8 (full 1):
 PSYoungGen      total 115712K, used 8684K [0x00000000d6400000, 0x00000000e3480000, 0x0000000100000000)
  eden space 107008K, 0% used [0x00000000d6400000,0x00000000d6400000,0x00000000dcc80000)
  from space 8704K, 99% used [0x00000000dcc80000,0x00000000dd4fb158,0x00000000dd500000)
  to   space 15872K, 0% used [0x00000000e2500000,0x00000000e2500000,0x00000000e3480000)
 ParOldGen       total 54784K, used 20235K [0x0000000082c00000, 0x0000000086180000, 0x00000000d6400000)
  object space 54784K, 36% used [0x0000000082c00000,0x0000000083fc2c98,0x0000000086180000)
 Metaspace       used 22172K, capacity 23124K, committed 23296K, reserved 1069056K
  class space    used 2744K, capacity 2946K, committed 3072K, reserved 1048576K
}
Event: 2.552 GC heap before
{Heap before GC invocations=9 (full 1):
 PSYoungGen      total 115712K, used 115692K [0x00000000d6400000, 0x00000000e3480000, 0x0000000100000000)
  eden space 107008K, 100% used [0x00000000d6400000,0x00000000dcc80000,0x00000000dcc80000)
  from space 8704K, 99% used [0x00000000dcc80000,0x00000000dd4fb158,0x00000000dd500000)
  to   space 15872K, 0% used [0x00000000e2500000,0x00000000e2500000,0x00000000e3480000)
 ParOldGen       total 54784K, used 20235K [0x0000000082c00000, 0x0000000086180000, 0x00000000d6400000)
  object space 54784K, 36% used [0x0000000082c00000,0x0000000083fc2c98,0x0000000086180000)
 Metaspace       used 22206K, capacity 23188K, committed 23552K, reserved 1069056K
  class space    used 2753K, capacity 2946K, committed 3072K, reserved 1048576K
Event: 2.565 GC heap after
Heap after GC invocations=9 (full 1):
 PSYoungGen      total 193536K, used 15843K [0x00000000d6400000, 0x00000000e3e80000, 0x0000000100000000)
  eden space 177664K, 0% used [0x00000000d6400000,0x00000000d6400000,0x00000000e1180000)
  from space 15872K, 99% used [0x00000000e2500000,0x00000000e3478fe0,0x00000000e3480000)
  to   space 19968K, 0% used [0x00000000e1180000,0x00000000e1180000,0x00000000e2500000)
 ParOldGen       total 54784K, used 24605K [0x0000000082c00000, 0x0000000086180000, 0x00000000d6400000)
  object space 54784K, 44% used [0x0000000082c00000,0x00000000844076a0,0x0000000086180000)
 Metaspace       used 22206K, capacity 23188K, committed 23552K, reserved 1069056K
  class space    used 2753K, capacity 2946K, committed 3072K, reserved 1048576K
}
Event: 3.861 GC heap before
{Heap before GC invocations=10 (full 1):
 PSYoungGen      total 193536K, used 193507K [0x00000000d6400000, 0x00000000e3e80000, 0x0000000100000000)
  eden space 177664K, 100% used [0x00000000d6400000,0x00000000e1180000,0x00000000e1180000)
  from space 15872K, 99% used [0x00000000e2500000,0x00000000e3478fe0,0x00000000e3480000)
  to   space 19968K, 0% used [0x00000000e1180000,0x00000000e1180000,0x00000000e2500000)
 ParOldGen       total 54784K, used 24605K [0x0000000082c00000, 0x0000000086180000, 0x00000000d6400000)
  object space 54784K, 44% used [0x0000000082c00000,0x00000000844076a0,0x0000000086180000)
 Metaspace       used 32191K, capacity 33764K, committed 34048K, reserved 1079296K
  class space    used 3959K, capacity 4236K, committed 4352K, reserved 1048576K
Event: 3.882 GC heap after
Heap after GC invocations=10 (full 1):
 PSYoungGen      total 197632K, used 19943K [0x00000000d6400000, 0x00000000e9000000, 0x0000000100000000)
  eden space 177664K, 0% used [0x00000000d6400000,0x00000000d6400000,0x00000000e1180000)
  from space 19968K, 99% used [0x00000000e1180000,0x00000000e24f9e58,0x00000000e2500000)
  to   space 27648K, 0% used [0x00000000e7500000,0x00000000e7500000,0x00000000e9000000)
 ParOldGen       total 54784K, used 35266K [0x0000000082c00000, 0x0000000086180000, 0x00000000d6400000)
  object space 54784K, 64% used [0x0000000082c00000,0x0000000084e70910,0x0000000086180000)
 Metaspace       used 32191K, capacity 33764K, committed 34048K, reserved 1079296K
  class space    used 3959K, capacity 4236K, committed 4352K, reserved 1048576K
}
Event: 3.947 GC heap before
{Heap before GC invocations=11 (full 1):
 PSYoungGen      total 197632K, used 33864K [0x00000000d6400000, 0x00000000e9000000, 0x0000000100000000)
  eden space 177664K, 7% used [0x00000000d6400000,0x00000000d71983f0,0x00000000e1180000)
  from space 19968K, 99% used [0x00000000e1180000,0x00000000e24f9e58,0x00000000e2500000)
  to   space 27648K, 0% used [0x00000000e7500000,0x00000000e7500000,0x00000000e9000000)
 ParOldGen       total 54784K, used 35266K [0x0000000082c00000, 0x0000000086180000, 0x00000000d6400000)
  object space 54784K, 64% used [0x0000000082c00000,0x0000000084e70910,0x0000000086180000)
 Metaspace       used 33632K, capacity 35310K, committed 35416K, reserved 1081344K
  class space    used 4138K, capacity 4439K, committed 4480K, reserved 1048576K
Event: 3.954 GC heap after
Heap after GC invocations=11 (full 1):
 PSYoungGen      total 280576K, used 7689K [0x00000000d6400000, 0x00000000e9800000, 0x0000000100000000)
  eden space 252928K, 0% used [0x00000000d6400000,0x00000000d6400000,0x00000000e5b00000)
  from space 27648K, 27% used [0x00000000e7500000,0x00000000e7c826d0,0x00000000e9000000)
  to   space 26624K, 0% used [0x00000000e5b00000,0x00000000e5b00000,0x00000000e7500000)
 ParOldGen       total 54784K, used 37906K [0x0000000082c00000, 0x0000000086180000, 0x00000000d6400000)
  object space 54784K, 69% used [0x0000000082c00000,0x0000000085104930,0x0000000086180000)
 Metaspace       used 33632K, capacity 35310K, committed 35416K, reserved 1081344K
  class space    used 4138K, capacity 4439K, committed 4480K, reserved 1048576K
}
Event: 3.954 GC heap before
{Heap before GC invocations=12 (full 2):
 PSYoungGen      total 280576K, used 7689K [0x00000000d6400000, 0x00000000e9800000, 0x0000000100000000)
  eden space 252928K, 0% used [0x00000000d6400000,0x00000000d6400000,0x00000000e5b00000)
  from space 27648K, 27% used [0x00000000e7500000,0x00000000e7c826d0,0x00000000e9000000)
  to   space 26624K, 0% used [0x00000000e5b00000,0x00000000e5b00000,0x00000000e7500000)
 ParOldGen       total 54784K, used 37906K [0x0000000082c00000, 0x0000000086180000, 0x00000000d6400000)
  object space 54784K, 69% used [0x0000000082c00000,0x0000000085104930,0x0000000086180000)
 Metaspace       used 33632K, capacity 35310K, committed 35416K, reserved 1081344K
  class space    used 4138K, capacity 4439K, committed 4480K, reserved 1048576K
Event: 4.006 GC heap after
Heap after GC invocations=12 (full 2):
 PSYoungGen      total 280576K, used 0K [0x00000000d6400000, 0x00000000e9800000, 0x0000000100000000)
  eden space 252928K, 0% used [0x00000000d6400000,0x00000000d6400000,0x00000000e5b00000)
  from space 27648K, 0% used [0x00000000e7500000,0x00000000e7500000,0x00000000e9000000)
  to   space 26624K, 0% used [0x00000000e5b00000,0x00000000e5b00000,0x00000000e7500000)
 ParOldGen       total 86528K, used 19328K [0x0000000082c00000, 0x0000000088080000, 0x00000000d6400000)
  object space 86528K, 22% used [0x0000000082c00000,0x0000000083ee03c8,0x0000000088080000)
 Metaspace       used 33632K, capacity 35310K, committed 35416K, reserved 1081344K
  class space    used 4138K, capacity 4439K, committed 4480K, reserved 1048576K
}

Deoptimization events (10 events):
Event: 4.312 Thread 0x000002805db96800 Uncommon trap: reason=unstable_if action=reinterpret pc=0x0000028060114870 method=org.springframework.core.annotation.AnnotationsScanner.isWithoutHierarchy(Ljava/lang/reflect/AnnotatedElement;Lorg/springframework/core/annotation/MergedAnnotations$SearchSt
Event: 4.349 Thread 0x000002805db96800 Uncommon trap: reason=unstable_if action=reinterpret pc=0x000002805fa93790 method=java.util.concurrent.ConcurrentHashMap.transfer([Ljava/util/concurrent/ConcurrentHashMap$Node;[Ljava/util/concurrent/ConcurrentHashMap$Node;)V @ 356
Event: 4.362 Thread 0x000002805db96800 Uncommon trap: reason=unstable_if action=reinterpret pc=0x000002805ffacbcc method=sun.reflect.annotation.AnnotationInvocationHandler.invoke(Ljava/lang/Object;Ljava/lang/reflect/Method;[Ljava/lang/Object;)Ljava/lang/Object; @ 19
Event: 4.409 Thread 0x000002805db96800 Uncommon trap: reason=unstable_if action=reinterpret pc=0x00000280601f4a0c method=org.springframework.beans.factory.support.AbstractBeanFactory.isTypeMatch(Ljava/lang/String;Lorg/springframework/core/ResolvableType;Z)Z @ 34
Event: 4.484 Thread 0x0000028077eb5000 Uncommon trap: reason=unstable_if action=reinterpret pc=0x000002805f808a04 method=sun.nio.cs.UTF_8$Decoder.decode([BII[C)I @ 30
Event: 4.485 Thread 0x0000028077eb5000 Uncommon trap: reason=unstable_if action=reinterpret pc=0x000002805f891e78 method=java.util.Properties.getProperty(Ljava/lang/String;)Ljava/lang/String; @ 30
Event: 4.488 Thread 0x0000028077eb5000 Uncommon trap: reason=unstable_if action=reinterpret pc=0x000002805f695a88 method=java.util.Properties.loadConvert([CII[C)Ljava/lang/String; @ 4
Event: 4.532 Thread 0x0000028077eb5000 Uncommon trap: reason=unstable_if action=reinterpret pc=0x000002805f75fd3c method=java.lang.Class.arrayContentsEq([Ljava/lang/Object;[Ljava/lang/Object;)Z @ 1
Event: 4.559 Thread 0x0000028077eb5000 Uncommon trap: reason=unstable_if action=reinterpret pc=0x000002805fce30a8 method=java.lang.CharacterDataLatin1.digit(II)I @ 31
Event: 4.559 Thread 0x0000028077eb5000 Uncommon trap: reason=unstable_if action=reinterpret pc=0x000002805f6bef60 method=java.net.URI.match(CJJ)Z @ 45

Classes redefined (0 events):
No events

Internal exceptions (10 events):
Event: 4.182 Thread 0x000002805db96800 Exception <a 'java/lang/ClassNotFoundException': org/springframework/web/context/ServletContextAwareCustomizer> (0x00000000d886cc90) thrown at [C:\jenkins\workspace\8-2-build-windows-amd64-cygwin\jdk8u333\2551\hotspot\src\share\vm\classfile\systemDictiona
Event: 4.182 Thread 0x000002805db96800 Exception <a 'java/lang/ClassNotFoundException': org/springframework/beans/factory/AwareCustomizer> (0x00000000d88826b0) thrown at [C:\jenkins\workspace\8-2-build-windows-amd64-cygwin\jdk8u333\2551\hotspot\src\share\vm\classfile\systemDictionary.cpp, line
Event: 4.325 Thread 0x000002805db96800 Exception <a 'java/lang/IncompatibleClassChangeError': Found class java.lang.Object, but interface was expected> (0x00000000d9972f48) thrown at [C:\jenkins\workspace\8-2-build-windows-amd64-cygwin\jdk8u333\2551\hotspot\src\share\vm\interpreter\linkResolve
Event: 4.445 Thread 0x000002805db96800 Exception <a 'java/lang/ClassNotFoundException': java/lang/ObjectCustomizer> (0x00000000da7129e0) thrown at [C:\jenkins\workspace\8-2-build-windows-amd64-cygwin\jdk8u333\2551\hotspot\src\share\vm\classfile\systemDictionary.cpp, line 212]
Event: 4.445 Thread 0x000002805db96800 Exception <a 'java/lang/ClassNotFoundException': org/springframework/dao/support/DaoSupportCustomizer> (0x00000000da72bc98) thrown at [C:\jenkins\workspace\8-2-build-windows-amd64-cygwin\jdk8u333\2551\hotspot\src\share\vm\classfile\systemDictionary.cpp, l
Event: 4.446 Thread 0x000002805db96800 Exception <a 'java/lang/ClassNotFoundException': org/beetl/sql/ext/spring4/BeetlSqlDaoSupportCustomizer> (0x00000000da743660) thrown at [C:\jenkins\workspace\8-2-build-windows-amd64-cygwin\jdk8u333\2551\hotspot\src\share\vm\classfile\systemDictionary.cpp,
Event: 4.446 Thread 0x000002805db96800 Exception <a 'java/lang/ClassNotFoundException': org/beetl/sql/ext/spring4/BeetlSqlFactoryBeanCustomizer> (0x00000000da75d3b0) thrown at [C:\jenkins\workspace\8-2-build-windows-amd64-cygwin\jdk8u333\2551\hotspot\src\share\vm\classfile\systemDictionary.cpp
Event: 4.447 Thread 0x000002805db96800 Exception <a 'java/lang/ClassNotFoundException': org/springframework/beans/factory/FactoryBeanCustomizer> (0x00000000da77da10) thrown at [C:\jenkins\workspace\8-2-build-windows-amd64-cygwin\jdk8u333\2551\hotspot\src\share\vm\classfile\systemDictionary.cpp
Event: 4.447 Thread 0x000002805db96800 Exception <a 'java/lang/ClassNotFoundException': org/springframework/beans/factory/InitializingBeanCustomizer> (0x00000000da799658) thrown at [C:\jenkins\workspace\8-2-build-windows-amd64-cygwin\jdk8u333\2551\hotspot\src\share\vm\classfile\systemDictionar
Event: 4.532 Thread 0x0000028077eb5000 Implicit null exception at 0x000002805f75fa99 to 0x000002805f75fd11

Events (10 events):
Event: 4.634 loading class java/time/format/DateTimeParseException
Event: 4.634 loading class java/time/format/DateTimeParseException done
Event: 4.635 loading class com/mysql/jdbc/JDBC42UpdatableResultSet
Event: 4.635 loading class com/mysql/jdbc/JDBC42UpdatableResultSet done
Event: 4.635 loading class com/mysql/jdbc/JDBC4UpdatableResultSet
Event: 4.635 loading class com/mysql/jdbc/JDBC4UpdatableResultSet done
Event: 4.640 loading class com/mysql/jdbc/ResultSetMetaData
Event: 4.640 loading class com/mysql/jdbc/ResultSetMetaData done
Event: 4.641 loading class com/mysql/jdbc/LicenseConfiguration
Event: 4.641 loading class com/mysql/jdbc/LicenseConfiguration done


Dynamic libraries:
0x00007ff624ff0000 - 0x00007ff625037000 	C:\Program Files\Java\jdk1.8.0\bin\java.exe
0x00007ffb3c470000 - 0x00007ffb3c667000 	C:\Windows\SYSTEM32\ntdll.dll
0x00007ffb3b190000 - 0x00007ffb3b24d000 	C:\Windows\System32\KERNEL32.DLL
0x00007ffb39be0000 - 0x00007ffb39ead000 	C:\Windows\System32\KERNELBASE.dll
0x00007ffb37090000 - 0x00007ffb37120000 	C:\Windows\SYSTEM32\apphelp.dll
0x00007ffb3b0a0000 - 0x00007ffb3b14e000 	C:\Windows\System32\ADVAPI32.dll
0x00007ffb3c2f0000 - 0x00007ffb3c38e000 	C:\Windows\System32\msvcrt.dll
0x00007ffb3c390000 - 0x00007ffb3c42c000 	C:\Windows\System32\sechost.dll
0x00007ffb3a4d0000 - 0x00007ffb3a5f5000 	C:\Windows\System32\RPCRT4.dll
0x00007ffb3ad50000 - 0x00007ffb3aef0000 	C:\Windows\System32\USER32.dll
0x00007ffb3a430000 - 0x00007ffb3a452000 	C:\Windows\System32\win32u.dll
0x00007ffb3bfd0000 - 0x00007ffb3bffa000 	C:\Windows\System32\GDI32.dll
0x00007ffb3a0c0000 - 0x00007ffb3a1cb000 	C:\Windows\System32\gdi32full.dll
0x00007ffb3a390000 - 0x00007ffb3a42d000 	C:\Windows\System32\msvcp_win.dll
0x00007ffb3a1d0000 - 0x00007ffb3a2d0000 	C:\Windows\System32\ucrtbase.dll
0x00007ffb28a20000 - 0x00007ffb28cba000 	C:\Windows\WinSxS\amd64_microsoft.windows.common-controls_6595b64144ccf1df_6.0.19041.1110_none_60b5254171f9507e\COMCTL32.dll
0x00007ffb3b160000 - 0x00007ffb3b190000 	C:\Windows\System32\IMM32.DLL
0x00007ffb34350000 - 0x00007ffb34365000 	C:\Program Files\Java\jdk1.8.0\jre\bin\vcruntime140.dll
0x00007ffb1ee50000 - 0x00007ffb1eeeb000 	C:\Program Files\Java\jdk1.8.0\jre\bin\msvcp140.dll
0x0000000059740000 - 0x0000000059fa1000 	C:\Program Files\Java\jdk1.8.0\jre\bin\server\jvm.dll
0x00007ffb3c0e0000 - 0x00007ffb3c0e8000 	C:\Windows\System32\PSAPI.DLL
0x00007ffb2bdf0000 - 0x00007ffb2be17000 	C:\Windows\SYSTEM32\WINMM.dll
0x00007ffb33f90000 - 0x00007ffb33f9a000 	C:\Windows\SYSTEM32\VERSION.dll
0x00007ffb22510000 - 0x00007ffb22519000 	C:\Windows\SYSTEM32\WSOCK32.dll
0x00007ffb3b4a0000 - 0x00007ffb3b50b000 	C:\Windows\System32\WS2_32.dll
0x00007ffb38440000 - 0x00007ffb38452000 	C:\Windows\SYSTEM32\kernel.appcore.dll
0x00007ffb354a0000 - 0x00007ffb354b0000 	C:\Program Files\Java\jdk1.8.0\jre\bin\verify.dll
0x00007ffb34320000 - 0x00007ffb3434b000 	C:\Program Files\Java\jdk1.8.0\jre\bin\java.dll
0x00007ffb26130000 - 0x00007ffb26160000 	C:\Program Files\Java\jdk1.8.0\jre\bin\instrument.dll
0x00007ffb26160000 - 0x00007ffb26178000 	C:\Program Files\Java\jdk1.8.0\jre\bin\zip.dll
0x00007ffb3a600000 - 0x00007ffb3ad44000 	C:\Windows\System32\SHELL32.dll
0x00007ffb37b20000 - 0x00007ffb382b4000 	C:\Windows\SYSTEM32\windows.storage.dll
0x00007ffb3baa0000 - 0x00007ffb3bdf4000 	C:\Windows\System32\combase.dll
0x00007ffb39580000 - 0x00007ffb395ac000 	C:\Windows\SYSTEM32\Wldp.dll
0x00007ffb3b330000 - 0x00007ffb3b3dd000 	C:\Windows\System32\SHCORE.dll
0x00007ffb3be00000 - 0x00007ffb3be55000 	C:\Windows\System32\shlwapi.dll
0x00007ffb39ad0000 - 0x00007ffb39aef000 	C:\Windows\SYSTEM32\profapi.dll
0x00007ffb1fc90000 - 0x00007ffb1fcaa000 	N:\lizbit\IntelliJ IDEA 2021.1.3\bin\breakgen64.dll
0x00007ffb22540000 - 0x00007ffb2255c000 	C:\Program Files\Java\jdk1.8.0\jre\bin\net.dll
0x00007ffb392e0000 - 0x00007ffb3934a000 	C:\Windows\system32\mswsock.dll
0x00007ffb353c0000 - 0x00007ffb353cd000 	C:\Program Files\Java\jdk1.8.0\jre\bin\management.dll
0x00007ffadda70000 - 0x00007ffadda87000 	C:\Windows\system32\napinsp.dll
0x00007ffadcc50000 - 0x00007ffadcc6b000 	C:\Windows\system32\pnrpnsp.dll
0x00007ffb0a130000 - 0x00007ffb0a145000 	C:\Windows\system32\wshbth.dll
0x00007ffb35240000 - 0x00007ffb3525d000 	C:\Windows\system32\NLAapi.dll
0x00007ffb38fd0000 - 0x00007ffb3900b000 	C:\Windows\SYSTEM32\IPHLPAPI.DLL
0x00007ffb39010000 - 0x00007ffb390db000 	C:\Windows\SYSTEM32\DNSAPI.dll
0x00007ffb3b150000 - 0x00007ffb3b158000 	C:\Windows\System32\NSI.dll
0x00007ffadcc30000 - 0x00007ffadcc42000 	C:\Windows\System32\winrnr.dll
0x00007ffb2ed00000 - 0x00007ffb2ed0a000 	C:\Windows\System32\rasadhlp.dll
0x00007ffb31e70000 - 0x00007ffb31ef0000 	C:\Windows\System32\fwpuclnt.dll
0x00007ffb3a2d0000 - 0x00007ffb3a2f7000 	C:\Windows\System32\bcrypt.dll
0x00007ffb22520000 - 0x00007ffb22533000 	C:\Program Files\Java\jdk1.8.0\jre\bin\nio.dll
0x00007ffb394d0000 - 0x00007ffb394e8000 	C:\Windows\SYSTEM32\CRYPTSP.dll
0x00007ffb38c60000 - 0x00007ffb38c94000 	C:\Windows\system32\rsaenh.dll
0x00007ffb39a50000 - 0x00007ffb39a7e000 	C:\Windows\SYSTEM32\USERENV.dll
0x00007ffb3a300000 - 0x00007ffb3a382000 	C:\Windows\System32\bcryptprimitives.dll
0x00007ffb394f0000 - 0x00007ffb394fc000 	C:\Windows\SYSTEM32\CRYPTBASE.dll
0x00007ffb33230000 - 0x00007ffb33247000 	C:\Windows\SYSTEM32\dhcpcsvc6.DLL
0x00007ffb32ed0000 - 0x00007ffb32eed000 	C:\Windows\SYSTEM32\dhcpcsvc.DLL
0x00007ffb1fde0000 - 0x00007ffb1ffc4000 	C:\Windows\SYSTEM32\dbghelp.dll

VM Arguments:
jvm_args: -javaagent:N:\lizbit\IntelliJ IDEA 2021.1.3\lib\idea_rt.jar=52141:N:\lizbit\IntelliJ IDEA 2021.1.3\bin -Dfile.encoding=UTF-8 
java_command: com.example.shop.ShopApplication
java_class_path (initial): C:\Program Files\Java\jdk1.8.0\jre\lib\charsets.jar;C:\Program Files\Java\jdk1.8.0\jre\lib\deploy.jar;C:\Program Files\Java\jdk1.8.0\jre\lib\ext\access-bridge-64.jar;C:\Program Files\Java\jdk1.8.0\jre\lib\ext\cldrdata.jar;C:\Program Files\Java\jdk1.8.0\jre\lib\ext\dnsns.jar;C:\Program Files\Java\jdk1.8.0\jre\lib\ext\jaccess.jar;C:\Program Files\Java\jdk1.8.0\jre\lib\ext\jfxrt.jar;C:\Program Files\Java\jdk1.8.0\jre\lib\ext\localedata.jar;C:\Program Files\Java\jdk1.8.0\jre\lib\ext\nashorn.jar;C:\Program Files\Java\jdk1.8.0\jre\lib\ext\sunec.jar;C:\Program Files\Java\jdk1.8.0\jre\lib\ext\sunjce_provider.jar;C:\Program Files\Java\jdk1.8.0\jre\lib\ext\sunmscapi.jar;C:\Program Files\Java\jdk1.8.0\jre\lib\ext\sunpkcs11.jar;C:\Program Files\Java\jdk1.8.0\jre\lib\ext\zipfs.jar;C:\Program Files\Java\jdk1.8.0\jre\lib\javaws.jar;C:\Program Files\Java\jdk1.8.0\jre\lib\jce.jar;C:\Program Files\Java\jdk1.8.0\jre\lib\jfr.jar;C:\Program Files\Java\jdk1.8.0\jre\lib\jfxswt.jar;C:\Program Files\Java\jdk1.8.0\jre\lib\jsse.jar;C:\Program Files\Java\jdk1.8.0\jre\lib\management-agent.jar;C:\Program Files\Java\jdk1.8.0\jre\lib\plugin.jar;C:\Program Files\Java\jdk1.8.0\jre\lib\resources.jar;C:\Program Files\Java\jdk1.8.0\jre\lib\rt.jar;N:\lizbit\shop\target\classes;C:\Users\PCuser\.m2\repository\org\projectlombok\lombok\1.16.10\lombok-1.16.10.jar;C:\Users\PCuser\.m2\repository\org\springframework\boot\spring-boot-starter-web\2.3.2.RELEASE\spring-boot-starter-web-2.3.2.RELEASE.jar;C:\Users\PCuser\.m2\repository\org\springframework\boot\spring-boot-starter\2.3.2.RELEASE\spring-boot-starter-2.3.2.RELEASE.jar;C:\Users\PCuser\.m2\repository\org\springframework\boot\spring-boot\2.3.2.RELEASE\spring-boot-2.3.2.RELEASE.jar;C:\Users\PCuser\.m2\repository\org\springframework\boot\spring-boot-starter-logging\2.3.2.RELEASE\spring-boot-starter-logging-2.3.2.RELEASE.jar;C:\Users\PCuser\.m2\repository\ch\qos\logback\logback-classic\1.2.3\logback-classic-1.2.3.jar;C:\Users\PCuse
Launcher Type: SUN_STANDARD

Environment Variables:
JAVA_HOME=C:\Program Files\Java\jdk1.8.0
PATH=C:\Program Files (x86)\Common Files\Oracle\Java\javapath;C:\Windows\system32;C:\Windows;C:\Windows\System32\Wbem;C:\Windows\System32\WindowsPowerShell\v1.0\;C:\Windows\System32\OpenSSH\;C:\Program Files\MATLAB\R2017b\runtime\win64;C:\Program Files\MATLAB\R2017b\bin;C:\Program Files\IBM\SPSS\Statistics\25\JRE\bin;C:\Program Files\Microsoft SQL Server\Client SDK\ODBC\170\Tools\Binn\;C:\Program Files (x86)\Microsoft SQL Server\150\Tools\Binn\;C:\Program Files\Microsoft SQL Server\150\Tools\Binn\;C:\Program Files\Microsoft SQL Server\150\DTS\Binn\;C:\Program Files (x86)\Microsoft SQL Server\150\DTS\Binn\;C:\Program Files\Azure Data Studio\bin;C:\Program Files\Java\jdk1.8.0\bin;C:\Program Files\Java\jdk1.8.0\jre\bin;C:\Program Files\dotnet\;N:\lizbit\Git\cmd;N:\lizbit\微信web开发者工具\dll;C:\Users\PCuser\AppData\Local\Microsoft\WindowsApps;C:\Program Files\JetBrains\PyCharm Community Edition 2022.1\bin;C:\Users\PCuser\.dotnet\tools
USERNAME=PCuser
OS=Windows_NT
PROCESSOR_IDENTIFIER=Intel64 Family 6 Model 158 Stepping 10, GenuineIntel



---------------  S Y S T E M  ---------------

OS: Windows 10 , 64 bit Build 19041 (10.0.19041.1741)

CPU:total 6 (initial active 6) (6 cores per cpu, 1 threads per core) family 6 model 158 stepping 10, cmov, cx8, fxsr, mmx, sse, sse2, sse3, ssse3, sse4.1, sse4.2, popcnt, avx, avx2, aes, clmul, erms, rtm, 3dnowpref, lzcnt, tsc, tscinvbit, bmi1, bmi2, adx

Memory: 4k page, physical 8204388k(754536k free), swap 10301536k(5124k free)

vm_info: Java HotSpot(TM) 64-Bit Server VM (25.333-b02) for windows-amd64 JRE (1.8.0_333-b02), built on Apr 25 2022 22:49:11 by "java_re" with MS VC++ 15.9 (VS2017)

time: Tue Jul 11 14:26:07 2023
timezone: 中国标准时间
elapsed time: 4.661583 seconds (0d 0h 0m 4s)

