#
# There is insufficient memory for the Java Runtime Environment to continue.
# Native memory allocation (malloc) failed to allocate 1935696 bytes for Chunk::new
# Possible reasons:
#   The system is out of physical RAM or swap space
#   The process is running with CompressedOops enabled, and the Java Heap may be blocking the growth of the native heap
# Possible solutions:
#   Reduce memory load on the system
#   Increase physical memory or swap space
#   Check if swap backing store is full
#   Decrease Java heap size (-Xmx/-Xms)
#   Decrease number of Java threads
#   Decrease Java thread stack sizes (-Xss)
#   Set larger code cache with -XX:ReservedCodeCacheSize=
#   JVM is running with Unscaled Compressed Oops mode in which the Java heap is
#     placed in the first 4GB address space. The Java Heap base address is the
#     maximum limit for the native heap growth. Please use -XX:HeapBaseMinAddress
#     to set the Java Heap base and to place the Java Heap above 4GB virtual address.
# This output file may be truncated or incomplete.
#
#  Out of Memory Error (allocation.cpp:389), pid=7604, tid=0x0000000000001fb4
#
# JRE version: Java(TM) SE Runtime Environment (8.0_333-b02) (build 1.8.0_333-b02)
# Java VM: Java HotSpot(TM) 64-Bit Server VM (25.333-b02 mixed mode windows-amd64 compressed oops)
# Failed to write core dump. Minidumps are not enabled by default on client versions of Windows
#

---------------  T H R E A D  ---------------

Current thread (0x00000299ff62a000):  JavaThread "C2 CompilerThread1" daemon [_thread_in_native, id=8116, stack(0x000000bc43f00000,0x000000bc44000000)]

Stack: [0x000000bc43f00000,0x000000bc44000000]
Native frames: (J=compiled Java code, j=interpreted, Vv=VM code, C=native code)
V  [jvm.dll+0x32fc49]
V  [jvm.dll+0x2761a2]
V  [jvm.dll+0x276e4d]
V  [jvm.dll+0x26d7f5]
V  [jvm.dll+0xd5a0c]
V  [jvm.dll+0xd620c]
V  [jvm.dll+0x4716a3]
V  [jvm.dll+0x438f18]
V  [jvm.dll+0x441d65]
V  [jvm.dll+0x441125]
V  [jvm.dll+0x42becb]
V  [jvm.dll+0xac68b]
V  [jvm.dll+0xaaceb]
V  [jvm.dll+0x23e6f2]
V  [jvm.dll+0x292edc]
C  [ucrtbase.dll+0x21bb2]
C  [KERNEL32.DLL+0x17034]
C  [ntdll.dll+0x52651]


Current CompileTask:
C2:   4659 3915       4       org.springframework.core.annotation.TypeMappedAnnotations$MergedAnnotationFinder::doWithAnnotations (10 bytes)


---------------  P R O C E S S  ---------------

Java Threads: ( => current thread )
  0x0000029993131000 JavaThread "Druid-ConnectionPool-Destroy-1202402952" daemon [_thread_blocked, id=9616, stack(0x000000bc44800000,0x000000bc44900000)]
  0x00000299929c2800 JavaThread "Druid-ConnectionPool-Create-1202402952" daemon [_thread_blocked, id=6088, stack(0x000000bc44700000,0x000000bc44800000)]
  0x000002998f7e9800 JavaThread "Abandoned connection cleanup thread" daemon [_thread_blocked, id=1608, stack(0x000000bc44600000,0x000000bc44700000)]
  0x0000029992b01000 JavaThread "container-0" [_thread_blocked, id=704, stack(0x000000bc44500000,0x000000bc44600000)]
  0x0000029991c21800 JavaThread "Catalina-utility-2" [_thread_blocked, id=9408, stack(0x000000bc44400000,0x000000bc44500000)]
  0x000002998fe6c800 JavaThread "Catalina-utility-1" [_thread_blocked, id=440, stack(0x000000bc44300000,0x000000bc44400000)]
  0x00000299ff660800 JavaThread "Service Thread" daemon [_thread_blocked, id=7876, stack(0x000000bc44100000,0x000000bc44200000)]
  0x00000299ff635000 JavaThread "C1 CompilerThread2" daemon [_thread_in_native, id=3028, stack(0x000000bc44000000,0x000000bc44100000)]
=>0x00000299ff62a000 JavaThread "C2 CompilerThread1" daemon [_thread_in_native, id=8116, stack(0x000000bc43f00000,0x000000bc44000000)]
  0x00000299ff625800 JavaThread "C2 CompilerThread0" daemon [_thread_in_native, id=7200, stack(0x000000bc43e00000,0x000000bc43f00000)]
  0x00000299ff5e7000 JavaThread "Monitor Ctrl-Break" daemon [_thread_in_native, id=11496, stack(0x000000bc43d00000,0x000000bc43e00000)]
  0x00000299fdb49000 JavaThread "Attach Listener" daemon [_thread_blocked, id=8776, stack(0x000000bc43c00000,0x000000bc43d00000)]
  0x00000299fdb48800 JavaThread "Signal Dispatcher" daemon [_thread_blocked, id=6832, stack(0x000000bc43b00000,0x000000bc43c00000)]
  0x00000299fdad5000 JavaThread "Finalizer" daemon [_thread_blocked, id=9404, stack(0x000000bc43a00000,0x000000bc43b00000)]
  0x00000299fdace000 JavaThread "Reference Handler" daemon [_thread_blocked, id=1856, stack(0x000000bc43900000,0x000000bc43a00000)]
  0x00000299f6aaa800 JavaThread "main" [_thread_in_vm, id=13284, stack(0x000000bc43100000,0x000000bc43200000)]

Other Threads:
  0x00000299fdaa5000 VMThread [stack: 0x000000bc43800000,0x000000bc43900000] [id=9560]
  0x00000299ff73b800 WatcherThread [stack: 0x000000bc44200000,0x000000bc44300000] [id=12932]

VM state:not at safepoint (normal execution)

VM Mutex/Monitor currently owned by a thread: None

heap address: 0x0000000082c00000, size: 2004 MB, Compressed Oops mode: 32-bit
Narrow klass base: 0x0000000000000000, Narrow klass shift: 3
Compressed class space size: 1073741824 Address: 0x0000000100000000

Heap:
 PSYoungGen      total 184320K, used 86174K [0x00000000d6400000, 0x00000000e3680000, 0x0000000100000000)
  eden space 168448K, 51% used [0x00000000d6400000,0x00000000db827bb0,0x00000000e0880000)
  from space 15872K, 0% used [0x00000000e1c00000,0x00000000e1c00000,0x00000000e2b80000)
  to   space 19968K, 0% used [0x00000000e0880000,0x00000000e0880000,0x00000000e1c00000)
 ParOldGen       total 93184K, used 20179K [0x0000000082c00000, 0x0000000088700000, 0x00000000d6400000)
  object space 93184K, 21% used [0x0000000082c00000,0x0000000083fb4f28,0x0000000088700000)
 Metaspace       used 40864K, capacity 42914K, committed 43096K, reserved 1087488K
  class space    used 5110K, capacity 5473K, committed 5504K, reserved 1048576K

Card table byte_map: [0x00000299f8790000,0x00000299f8b80000] byte_map_base: 0x00000299f837a000

Marking Bits: (ParMarkBitMap*) 0x0000000066479030
 Begin Bits: [0x00000299f8e20000, 0x00000299fad70000)
 End Bits:   [0x00000299fad70000, 0x00000299fccc0000)

Polling page: 0x00000299f6ba0000

CodeCache: size=245760Kb used=13395Kb max_used=14302Kb free=232364Kb
 bounds [0x0000029980000000, 0x0000029980e20000, 0x000002998f000000]
 total_blobs=4247 nmethods=3762 adapters=397
 compilation: enabled

Compilation events (10 events):
Event: 4.621 Thread 0x00000299ff635000 4160       1       com.mysql.jdbc.Buffer::getPosition (5 bytes)
Event: 4.621 Thread 0x00000299ff635000 nmethod 4160 0x0000029980473850 code [0x00000299804739a0, 0x0000029980473ab8]
Event: 4.630 Thread 0x00000299ff635000 4161       3       sun.nio.cs.UTF_8$Decoder::decode (779 bytes)
Event: 4.632 Thread 0x00000299ff635000 nmethod 4161 0x00000299802a6190 code [0x00000299802a67c0, 0x00000299802ab260]
Event: 4.635 Thread 0x00000299ff635000 4162       3       java.lang.Integer::numberOfLeadingZeros (76 bytes)
Event: 4.635 Thread 0x00000299ff635000 nmethod 4162 0x00000299802a5cd0 code [0x00000299802a5e40, 0x00000299802a60f8]
Event: 4.638 Thread 0x00000299ff635000 4163       3       java.lang.CharacterDataLatin1::digit (91 bytes)
Event: 4.638 Thread 0x00000299ff635000 nmethod 4163 0x00000299802a5650 code [0x00000299802a57c0, 0x00000299802a5b58]
Event: 4.638 Thread 0x00000299ff635000 4164       1       com.mysql.jdbc.MysqlIO::getServerMajorVersion (5 bytes)
Event: 4.638 Thread 0x00000299ff635000 nmethod 4164 0x00000299802a5350 code [0x00000299802a54a0, 0x00000299802a55b8]

GC Heap History (10 events):
Event: 1.944 GC heap before
{Heap before GC invocations=8 (full 1):
 PSYoungGen      total 113152K, used 111421K [0x00000000d6400000, 0x00000000ddb80000, 0x0000000100000000)
  eden space 104448K, 100% used [0x00000000d6400000,0x00000000dca00000,0x00000000dca00000)
  from space 8704K, 80% used [0x00000000dd280000,0x00000000dd94f718,0x00000000ddb00000)
  to   space 8704K, 0% used [0x00000000dca00000,0x00000000dca00000,0x00000000dd280000)
 ParOldGen       total 55808K, used 6881K [0x0000000082c00000, 0x0000000086280000, 0x00000000d6400000)
  object space 55808K, 12% used [0x0000000082c00000,0x00000000832b8458,0x0000000086280000)
 Metaspace       used 22162K, capacity 23064K, committed 23296K, reserved 1069056K
  class space    used 2745K, capacity 2946K, committed 3072K, reserved 1048576K
Event: 1.963 GC heap after
Heap after GC invocations=8 (full 1):
 PSYoungGen      total 113152K, used 8683K [0x00000000d6400000, 0x00000000e2b80000, 0x0000000100000000)
  eden space 104448K, 0% used [0x00000000d6400000,0x00000000d6400000,0x00000000dca00000)
  from space 8704K, 99% used [0x00000000dca00000,0x00000000dd27af08,0x00000000dd280000)
  to   space 15872K, 0% used [0x00000000e1c00000,0x00000000e1c00000,0x00000000e2b80000)
 ParOldGen       total 55808K, used 19767K [0x0000000082c00000, 0x0000000086280000, 0x00000000d6400000)
  object space 55808K, 35% used [0x0000000082c00000,0x0000000083f4ded0,0x0000000086280000)
 Metaspace       used 22162K, capacity 23064K, committed 23296K, reserved 1069056K
  class space    used 2745K, capacity 2946K, committed 3072K, reserved 1048576K
}
Event: 2.271 GC heap before
{Heap before GC invocations=9 (full 1):
 PSYoungGen      total 113152K, used 113131K [0x00000000d6400000, 0x00000000e2b80000, 0x0000000100000000)
  eden space 104448K, 100% used [0x00000000d6400000,0x00000000dca00000,0x00000000dca00000)
  from space 8704K, 99% used [0x00000000dca00000,0x00000000dd27af08,0x00000000dd280000)
  to   space 15872K, 0% used [0x00000000e1c00000,0x00000000e1c00000,0x00000000e2b80000)
 ParOldGen       total 55808K, used 19767K [0x0000000082c00000, 0x0000000086280000, 0x00000000d6400000)
  object space 55808K, 35% used [0x0000000082c00000,0x0000000083f4ded0,0x0000000086280000)
 Metaspace       used 22194K, capacity 23192K, committed 23552K, reserved 1069056K
  class space    used 2752K, capacity 2946K, committed 3072K, reserved 1048576K
Event: 2.287 GC heap after
Heap after GC invocations=9 (full 1):
 PSYoungGen      total 184320K, used 15868K [0x00000000d6400000, 0x00000000e3680000, 0x0000000100000000)
  eden space 168448K, 0% used [0x00000000d6400000,0x00000000d6400000,0x00000000e0880000)
  from space 15872K, 99% used [0x00000000e1c00000,0x00000000e2b7f060,0x00000000e2b80000)
  to   space 19968K, 0% used [0x00000000e0880000,0x00000000e0880000,0x00000000e1c00000)
 ParOldGen       total 55808K, used 23562K [0x0000000082c00000, 0x0000000086280000, 0x00000000d6400000)
  object space 55808K, 42% used [0x0000000082c00000,0x0000000084302980,0x0000000086280000)
 Metaspace       used 22194K, capacity 23192K, committed 23552K, reserved 1069056K
  class space    used 2752K, capacity 2946K, committed 3072K, reserved 1048576K
}
Event: 3.442 GC heap before
{Heap before GC invocations=10 (full 1):
 PSYoungGen      total 184320K, used 184316K [0x00000000d6400000, 0x00000000e3680000, 0x0000000100000000)
  eden space 168448K, 100% used [0x00000000d6400000,0x00000000e0880000,0x00000000e0880000)
  from space 15872K, 99% used [0x00000000e1c00000,0x00000000e2b7f060,0x00000000e2b80000)
  to   space 19968K, 0% used [0x00000000e0880000,0x00000000e0880000,0x00000000e1c00000)
 ParOldGen       total 55808K, used 23562K [0x0000000082c00000, 0x0000000086280000, 0x00000000d6400000)
  object space 55808K, 42% used [0x0000000082c00000,0x0000000084302980,0x0000000086280000)
 Metaspace       used 30604K, capacity 32180K, committed 32256K, reserved 1077248K
  class space    used 3800K, capacity 4082K, committed 4096K, reserved 1048576K
Event: 3.478 GC heap after
Heap after GC invocations=10 (full 1):
 PSYoungGen      total 188416K, used 19953K [0x00000000d6400000, 0x00000000e3680000, 0x0000000100000000)
  eden space 168448K, 0% used [0x00000000d6400000,0x00000000d6400000,0x00000000e0880000)
  from space 19968K, 99% used [0x00000000e0880000,0x00000000e1bfc760,0x00000000e1c00000)
  to   space 15872K, 0% used [0x00000000e1c00000,0x00000000e1c00000,0x00000000e2b80000)
 ParOldGen       total 55808K, used 33702K [0x0000000082c00000, 0x0000000086280000, 0x00000000d6400000)
  object space 55808K, 60% used [0x0000000082c00000,0x0000000084ce9990,0x0000000086280000)
 Metaspace       used 30604K, capacity 32180K, committed 32256K, reserved 1077248K
  class space    used 3800K, capacity 4082K, committed 4096K, reserved 1048576K
}
Event: 3.903 GC heap before
{Heap before GC invocations=11 (full 1):
 PSYoungGen      total 188416K, used 49476K [0x00000000d6400000, 0x00000000e3680000, 0x0000000100000000)
  eden space 168448K, 17% used [0x00000000d6400000,0x00000000d80d4b00,0x00000000e0880000)
  from space 19968K, 99% used [0x00000000e0880000,0x00000000e1bfc760,0x00000000e1c00000)
  to   space 15872K, 0% used [0x00000000e1c00000,0x00000000e1c00000,0x00000000e2b80000)
 ParOldGen       total 55808K, used 33702K [0x0000000082c00000, 0x0000000086280000, 0x00000000d6400000)
  object space 55808K, 60% used [0x0000000082c00000,0x0000000084ce9990,0x0000000086280000)
 Metaspace       used 33644K, capacity 35310K, committed 35416K, reserved 1081344K
  class space    used 4139K, capacity 4439K, committed 4480K, reserved 1048576K
Event: 3.908 GC heap after
Heap after GC invocations=11 (full 1):
 PSYoungGen      total 184320K, used 8732K [0x00000000d6400000, 0x00000000e3680000, 0x0000000100000000)
  eden space 168448K, 0% used [0x00000000d6400000,0x00000000d6400000,0x00000000e0880000)
  from space 15872K, 55% used [0x00000000e1c00000,0x00000000e2487050,0x00000000e2b80000)
  to   space 19968K, 0% used [0x00000000e0880000,0x00000000e0880000,0x00000000e1c00000)
 ParOldGen       total 55808K, used 36222K [0x0000000082c00000, 0x0000000086280000, 0x00000000d6400000)
  object space 55808K, 64% used [0x0000000082c00000,0x0000000084f5f9b0,0x0000000086280000)
 Metaspace       used 33644K, capacity 35310K, committed 35416K, reserved 1081344K
  class space    used 4139K, capacity 4439K, committed 4480K, reserved 1048576K
}
Event: 3.908 GC heap before
{Heap before GC invocations=12 (full 2):
 PSYoungGen      total 184320K, used 8732K [0x00000000d6400000, 0x00000000e3680000, 0x0000000100000000)
  eden space 168448K, 0% used [0x00000000d6400000,0x00000000d6400000,0x00000000e0880000)
  from space 15872K, 55% used [0x00000000e1c00000,0x00000000e2487050,0x00000000e2b80000)
  to   space 19968K, 0% used [0x00000000e0880000,0x00000000e0880000,0x00000000e1c00000)
 ParOldGen       total 55808K, used 36222K [0x0000000082c00000, 0x0000000086280000, 0x00000000d6400000)
  object space 55808K, 64% used [0x0000000082c00000,0x0000000084f5f9b0,0x0000000086280000)
 Metaspace       used 33644K, capacity 35310K, committed 35416K, reserved 1081344K
  class space    used 4139K, capacity 4439K, committed 4480K, reserved 1048576K
Event: 3.950 GC heap after
Heap after GC invocations=12 (full 2):
 PSYoungGen      total 184320K, used 0K [0x00000000d6400000, 0x00000000e3680000, 0x0000000100000000)
  eden space 168448K, 0% used [0x00000000d6400000,0x00000000d6400000,0x00000000e0880000)
  from space 15872K, 0% used [0x00000000e1c00000,0x00000000e1c00000,0x00000000e2b80000)
  to   space 19968K, 0% used [0x00000000e0880000,0x00000000e0880000,0x00000000e1c00000)
 ParOldGen       total 93184K, used 20179K [0x0000000082c00000, 0x0000000088700000, 0x00000000d6400000)
  object space 93184K, 21% used [0x0000000082c00000,0x0000000083fb4f28,0x0000000088700000)
 Metaspace       used 33644K, capacity 35310K, committed 35416K, reserved 1081344K
  class space    used 4139K, capacity 4439K, committed 4480K, reserved 1048576K
}

Deoptimization events (10 events):
Event: 4.473 Thread 0x00000299929c2800 Uncommon trap: reason=unstable_if action=reinterpret pc=0x0000029980d458b8 method=java.util.Properties.getProperty(Ljava/lang/String;)Ljava/lang/String; @ 30
Event: 4.526 Thread 0x00000299929c2800 Uncommon trap: reason=unstable_if action=reinterpret pc=0x0000029980b7707c method=java.lang.Class.arrayContentsEq([Ljava/lang/Object;[Ljava/lang/Object;)Z @ 1
Event: 4.555 Thread 0x00000299929c2800 Uncommon trap: reason=unstable_if action=reinterpret pc=0x0000029980760ca8 method=java.lang.CharacterDataLatin1.digit(II)I @ 31
Event: 4.555 Thread 0x00000299929c2800 Uncommon trap: reason=class_check action=maybe_recompile pc=0x0000029980831c34 method=java.nio.charset.CharsetDecoder.replaceWith(Ljava/lang/String;)Ljava/nio/charset/CharsetDecoder; @ 63
Event: 4.556 Thread 0x00000299929c2800 Uncommon trap: reason=unstable_if action=reinterpret pc=0x0000029980b73aa0 method=java.net.URI.match(CJJ)Z @ 45
Event: 4.557 Thread 0x00000299929c2800 Uncommon trap: reason=class_check action=maybe_recompile pc=0x0000029980831c34 method=java.nio.charset.CharsetDecoder.replaceWith(Ljava/lang/String;)Ljava/nio/charset/CharsetDecoder; @ 63
Event: 4.557 Thread 0x00000299929c2800 Uncommon trap: reason=class_check action=maybe_recompile pc=0x0000029980b7631c method=java.nio.charset.CharsetDecoder.reset()Ljava/nio/charset/CharsetDecoder; @ 1
Event: 4.557 Thread 0x00000299929c2800 Uncommon trap: reason=class_check action=maybe_recompile pc=0x0000029980b7631c method=java.nio.charset.CharsetDecoder.reset()Ljava/nio/charset/CharsetDecoder; @ 1
Event: 4.557 Thread 0x00000299929c2800 Uncommon trap: reason=class_check action=maybe_recompile pc=0x0000029980b7631c method=java.nio.charset.CharsetDecoder.reset()Ljava/nio/charset/CharsetDecoder; @ 1
Event: 4.557 Thread 0x00000299929c2800 Uncommon trap: reason=class_check action=maybe_recompile pc=0x0000029980b7631c method=java.nio.charset.CharsetDecoder.reset()Ljava/nio/charset/CharsetDecoder; @ 1

Classes redefined (0 events):
No events

Internal exceptions (10 events):
Event: 4.148 Thread 0x00000299f6aaa800 Exception <a 'java/lang/ClassNotFoundException': org/springframework/web/context/ServletContextAwareCustomizer> (0x00000000d88733d0) thrown at [C:\jenkins\workspace\8-2-build-windows-amd64-cygwin\jdk8u333\2551\hotspot\src\share\vm\classfile\systemDictiona
Event: 4.148 Thread 0x00000299f6aaa800 Exception <a 'java/lang/ClassNotFoundException': org/springframework/beans/factory/AwareCustomizer> (0x00000000d8888df0) thrown at [C:\jenkins\workspace\8-2-build-windows-amd64-cygwin\jdk8u333\2551\hotspot\src\share\vm\classfile\systemDictionary.cpp, line
Event: 4.318 Thread 0x00000299f6aaa800 Exception <a 'java/lang/IncompatibleClassChangeError': Found class java.lang.Object, but interface was expected> (0x00000000d998d638) thrown at [C:\jenkins\workspace\8-2-build-windows-amd64-cygwin\jdk8u333\2551\hotspot\src\share\vm\interpreter\linkResolve
Event: 4.434 Thread 0x00000299f6aaa800 Exception <a 'java/lang/ClassNotFoundException': java/lang/ObjectCustomizer> (0x00000000da73a338) thrown at [C:\jenkins\workspace\8-2-build-windows-amd64-cygwin\jdk8u333\2551\hotspot\src\share\vm\classfile\systemDictionary.cpp, line 212]
Event: 4.435 Thread 0x00000299f6aaa800 Exception <a 'java/lang/ClassNotFoundException': org/springframework/dao/support/DaoSupportCustomizer> (0x00000000da7535f0) thrown at [C:\jenkins\workspace\8-2-build-windows-amd64-cygwin\jdk8u333\2551\hotspot\src\share\vm\classfile\systemDictionary.cpp, l
Event: 4.435 Thread 0x00000299f6aaa800 Exception <a 'java/lang/ClassNotFoundException': org/beetl/sql/ext/spring4/BeetlSqlDaoSupportCustomizer> (0x00000000da76afb8) thrown at [C:\jenkins\workspace\8-2-build-windows-amd64-cygwin\jdk8u333\2551\hotspot\src\share\vm\classfile\systemDictionary.cpp,
Event: 4.435 Thread 0x00000299f6aaa800 Exception <a 'java/lang/ClassNotFoundException': org/beetl/sql/ext/spring4/BeetlSqlFactoryBeanCustomizer> (0x00000000da784d08) thrown at [C:\jenkins\workspace\8-2-build-windows-amd64-cygwin\jdk8u333\2551\hotspot\src\share\vm\classfile\systemDictionary.cpp
Event: 4.436 Thread 0x00000299f6aaa800 Exception <a 'java/lang/ClassNotFoundException': org/springframework/beans/factory/FactoryBeanCustomizer> (0x00000000da7a5388) thrown at [C:\jenkins\workspace\8-2-build-windows-amd64-cygwin\jdk8u333\2551\hotspot\src\share\vm\classfile\systemDictionary.cpp
Event: 4.436 Thread 0x00000299f6aaa800 Exception <a 'java/lang/ClassNotFoundException': org/springframework/beans/factory/InitializingBeanCustomizer> (0x00000000da7c0fd0) thrown at [C:\jenkins\workspace\8-2-build-windows-amd64-cygwin\jdk8u333\2551\hotspot\src\share\vm\classfile\systemDictionar
Event: 4.526 Thread 0x00000299929c2800 Implicit null exception at 0x0000029980b76dd9 to 0x0000029980b77051

Events (10 events):
Event: 4.637 loading class com/mysql/jdbc/LicenseConfiguration
Event: 4.637 loading class com/mysql/jdbc/LicenseConfiguration done
Event: 4.639 loading class com/mysql/jdbc/NonRegisteringDriver$ConnectionPhantomReference
Event: 4.639 loading class com/mysql/jdbc/NonRegisteringDriver$ConnectionPhantomReference done
Event: 4.639 loading class com/mysql/jdbc/NetworkResources
Event: 4.639 loading class com/mysql/jdbc/NetworkResources done
Event: 4.639 loading class com/alibaba/druid/proxy/jdbc/ConnectionProxy
Event: 4.639 loading class com/alibaba/druid/proxy/jdbc/ConnectionProxy done
Event: 4.640 loading class com/alibaba/druid/proxy/jdbc/WrapperProxy
Event: 4.640 loading class com/alibaba/druid/proxy/jdbc/WrapperProxy done


Dynamic libraries:
0x00007ff7581c0000 - 0x00007ff758207000 	C:\Program Files\Java\jdk1.8.0\bin\java.exe
0x00007ffb86b10000 - 0x00007ffb86d07000 	C:\Windows\SYSTEM32\ntdll.dll
0x00007ffb86140000 - 0x00007ffb861fd000 	C:\Windows\System32\KERNEL32.DLL
0x00007ffb845d0000 - 0x00007ffb8489d000 	C:\Windows\System32\KERNELBASE.dll
0x00007ffb86710000 - 0x00007ffb867be000 	C:\Windows\System32\ADVAPI32.dll
0x00007ffb84b70000 - 0x00007ffb84c0e000 	C:\Windows\System32\msvcrt.dll
0x00007ffb853e0000 - 0x00007ffb8547c000 	C:\Windows\System32\sechost.dll
0x00007ffb852b0000 - 0x00007ffb853d5000 	C:\Windows\System32\RPCRT4.dll
0x00007ffb86930000 - 0x00007ffb86ad0000 	C:\Windows\System32\USER32.dll
0x00007ffb848a0000 - 0x00007ffb848c2000 	C:\Windows\System32\win32u.dll
0x00007ffb84c10000 - 0x00007ffb84c3a000 	C:\Windows\System32\GDI32.dll
0x00007ffb848d0000 - 0x00007ffb849db000 	C:\Windows\System32\gdi32full.dll
0x00007ffb843d0000 - 0x00007ffb8446d000 	C:\Windows\System32\msvcp_win.dll
0x00007ffb84230000 - 0x00007ffb84330000 	C:\Windows\System32\ucrtbase.dll
0x00007ffb725f0000 - 0x00007ffb7288a000 	C:\Windows\WinSxS\amd64_microsoft.windows.common-controls_6595b64144ccf1df_6.0.19041.1110_none_60b5254171f9507e\COMCTL32.dll
0x00007ffb84da0000 - 0x00007ffb84dd0000 	C:\Windows\System32\IMM32.DLL
0x00007ffb7fa50000 - 0x00007ffb7fa65000 	C:\Program Files\Java\jdk1.8.0\jre\bin\vcruntime140.dll
0x00007ffb6c900000 - 0x00007ffb6c99b000 	C:\Program Files\Java\jdk1.8.0\jre\bin\msvcp140.dll
0x0000000065c90000 - 0x00000000664f1000 	C:\Program Files\Java\jdk1.8.0\jre\bin\server\jvm.dll
0x00007ffb855a0000 - 0x00007ffb855a8000 	C:\Windows\System32\PSAPI.DLL
0x00007ffb7c6e0000 - 0x00007ffb7c707000 	C:\Windows\SYSTEM32\WINMM.dll
0x00007ffb7ebc0000 - 0x00007ffb7ebca000 	C:\Windows\SYSTEM32\VERSION.dll
0x00007ffb60f60000 - 0x00007ffb60f69000 	C:\Windows\SYSTEM32\WSOCK32.dll
0x00007ffb84dd0000 - 0x00007ffb84e3b000 	C:\Windows\System32\WS2_32.dll
0x00007ffb82ae0000 - 0x00007ffb82af2000 	C:\Windows\SYSTEM32\kernel.appcore.dll
0x00007ffb7f4e0000 - 0x00007ffb7f4f0000 	C:\Program Files\Java\jdk1.8.0\jre\bin\verify.dll
0x00007ffb72e90000 - 0x00007ffb72ebb000 	C:\Program Files\Java\jdk1.8.0\jre\bin\java.dll
0x00007ffb70ba0000 - 0x00007ffb70bd0000 	C:\Program Files\Java\jdk1.8.0\jre\bin\instrument.dll
0x00007ffb7f4c0000 - 0x00007ffb7f4d8000 	C:\Program Files\Java\jdk1.8.0\jre\bin\zip.dll
0x00007ffb85980000 - 0x00007ffb860c4000 	C:\Windows\System32\SHELL32.dll
0x00007ffb82330000 - 0x00007ffb82ac4000 	C:\Windows\SYSTEM32\windows.storage.dll
0x00007ffb86260000 - 0x00007ffb865b4000 	C:\Windows\System32\combase.dll
0x00007ffb83c20000 - 0x00007ffb83c4c000 	C:\Windows\SYSTEM32\Wldp.dll
0x00007ffb84cf0000 - 0x00007ffb84d9d000 	C:\Windows\System32\SHCORE.dll
0x00007ffb85710000 - 0x00007ffb85765000 	C:\Windows\System32\shlwapi.dll
0x00007ffb84170000 - 0x00007ffb8418f000 	C:\Windows\SYSTEM32\profapi.dll
0x00007ffb70b80000 - 0x00007ffb70b9a000 	N:\lizbit\IntelliJ IDEA 2021.1.3\bin\breakgen64.dll
0x00007ffb7ebd0000 - 0x00007ffb7ebec000 	C:\Program Files\Java\jdk1.8.0\jre\bin\net.dll
0x00007ffb83920000 - 0x00007ffb8398a000 	C:\Windows\system32\mswsock.dll
0x00007ffb7eb90000 - 0x00007ffb7eb9d000 	C:\Program Files\Java\jdk1.8.0\jre\bin\management.dll
0x00007ffb43420000 - 0x00007ffb43437000 	C:\Windows\system32\napinsp.dll
0x00007ffb43400000 - 0x00007ffb4341b000 	C:\Windows\system32\pnrpnsp.dll
0x00007ffb53ce0000 - 0x00007ffb53cf5000 	C:\Windows\system32\wshbth.dll
0x00007ffb7fa30000 - 0x00007ffb7fa4d000 	C:\Windows\system32\NLAapi.dll
0x00007ffb83610000 - 0x00007ffb8364b000 	C:\Windows\SYSTEM32\IPHLPAPI.DLL
0x00007ffb83650000 - 0x00007ffb8371b000 	C:\Windows\SYSTEM32\DNSAPI.dll
0x00007ffb855b0000 - 0x00007ffb855b8000 	C:\Windows\System32\NSI.dll
0x00007ffb433e0000 - 0x00007ffb433f2000 	C:\Windows\System32\winrnr.dll
0x00007ffb72a50000 - 0x00007ffb72a5a000 	C:\Windows\System32\rasadhlp.dll
0x00007ffb723d0000 - 0x00007ffb72450000 	C:\Windows\System32\fwpuclnt.dll
0x00007ffb84330000 - 0x00007ffb84357000 	C:\Windows\System32\bcrypt.dll
0x00007ffb70ee0000 - 0x00007ffb70ef3000 	C:\Program Files\Java\jdk1.8.0\jre\bin\nio.dll
0x00007ffb83b10000 - 0x00007ffb83b28000 	C:\Windows\SYSTEM32\CRYPTSP.dll
0x00007ffb832a0000 - 0x00007ffb832d4000 	C:\Windows\system32\rsaenh.dll
0x00007ffb840f0000 - 0x00007ffb8411e000 	C:\Windows\SYSTEM32\USERENV.dll
0x00007ffb849e0000 - 0x00007ffb84a62000 	C:\Windows\System32\bcryptprimitives.dll
0x00007ffb83b30000 - 0x00007ffb83b3c000 	C:\Windows\SYSTEM32\CRYPTBASE.dll
0x00007ffb7d1d0000 - 0x00007ffb7d1e7000 	C:\Windows\SYSTEM32\dhcpcsvc6.DLL
0x00007ffb7d700000 - 0x00007ffb7d71d000 	C:\Windows\SYSTEM32\dhcpcsvc.DLL
0x00007ffb69710000 - 0x00007ffb698f4000 	C:\Windows\SYSTEM32\dbghelp.dll

VM Arguments:
jvm_args: -javaagent:N:\lizbit\IntelliJ IDEA 2021.1.3\lib\idea_rt.jar=57604:N:\lizbit\IntelliJ IDEA 2021.1.3\bin -Dfile.encoding=UTF-8 
java_command: com.example.shop.ShopApplication
java_class_path (initial): C:\Program Files\Java\jdk1.8.0\jre\lib\charsets.jar;C:\Program Files\Java\jdk1.8.0\jre\lib\deploy.jar;C:\Program Files\Java\jdk1.8.0\jre\lib\ext\access-bridge-64.jar;C:\Program Files\Java\jdk1.8.0\jre\lib\ext\cldrdata.jar;C:\Program Files\Java\jdk1.8.0\jre\lib\ext\dnsns.jar;C:\Program Files\Java\jdk1.8.0\jre\lib\ext\jaccess.jar;C:\Program Files\Java\jdk1.8.0\jre\lib\ext\jfxrt.jar;C:\Program Files\Java\jdk1.8.0\jre\lib\ext\localedata.jar;C:\Program Files\Java\jdk1.8.0\jre\lib\ext\nashorn.jar;C:\Program Files\Java\jdk1.8.0\jre\lib\ext\sunec.jar;C:\Program Files\Java\jdk1.8.0\jre\lib\ext\sunjce_provider.jar;C:\Program Files\Java\jdk1.8.0\jre\lib\ext\sunmscapi.jar;C:\Program Files\Java\jdk1.8.0\jre\lib\ext\sunpkcs11.jar;C:\Program Files\Java\jdk1.8.0\jre\lib\ext\zipfs.jar;C:\Program Files\Java\jdk1.8.0\jre\lib\javaws.jar;C:\Program Files\Java\jdk1.8.0\jre\lib\jce.jar;C:\Program Files\Java\jdk1.8.0\jre\lib\jfr.jar;C:\Program Files\Java\jdk1.8.0\jre\lib\jfxswt.jar;C:\Program Files\Java\jdk1.8.0\jre\lib\jsse.jar;C:\Program Files\Java\jdk1.8.0\jre\lib\management-agent.jar;C:\Program Files\Java\jdk1.8.0\jre\lib\plugin.jar;C:\Program Files\Java\jdk1.8.0\jre\lib\resources.jar;C:\Program Files\Java\jdk1.8.0\jre\lib\rt.jar;N:\lizbit\shop\target\classes;C:\Users\PCuser\.m2\repository\org\projectlombok\lombok\1.16.10\lombok-1.16.10.jar;C:\Users\PCuser\.m2\repository\org\springframework\boot\spring-boot-starter-web\2.3.2.RELEASE\spring-boot-starter-web-2.3.2.RELEASE.jar;C:\Users\PCuser\.m2\repository\org\springframework\boot\spring-boot-starter\2.3.2.RELEASE\spring-boot-starter-2.3.2.RELEASE.jar;C:\Users\PCuser\.m2\repository\org\springframework\boot\spring-boot\2.3.2.RELEASE\spring-boot-2.3.2.RELEASE.jar;C:\Users\PCuser\.m2\repository\org\springframework\boot\spring-boot-starter-logging\2.3.2.RELEASE\spring-boot-starter-logging-2.3.2.RELEASE.jar;C:\Users\PCuser\.m2\repository\ch\qos\logback\logback-classic\1.2.3\logback-classic-1.2.3.jar;C:\Users\PCuse
Launcher Type: SUN_STANDARD

Environment Variables:
JAVA_HOME=C:\Program Files\Java\jdk1.8.0
PATH=C:\Program Files (x86)\Common Files\Oracle\Java\javapath;C:\Windows\system32;C:\Windows;C:\Windows\System32\Wbem;C:\Windows\System32\WindowsPowerShell\v1.0\;C:\Windows\System32\OpenSSH\;C:\Program Files\MATLAB\R2017b\runtime\win64;C:\Program Files\MATLAB\R2017b\bin;C:\Program Files\IBM\SPSS\Statistics\25\JRE\bin;C:\Program Files\Microsoft SQL Server\Client SDK\ODBC\170\Tools\Binn\;C:\Program Files (x86)\Microsoft SQL Server\150\Tools\Binn\;C:\Program Files\Microsoft SQL Server\150\Tools\Binn\;C:\Program Files\Microsoft SQL Server\150\DTS\Binn\;C:\Program Files (x86)\Microsoft SQL Server\150\DTS\Binn\;C:\Program Files\Azure Data Studio\bin;C:\Program Files\Java\jdk1.8.0\bin;C:\Program Files\Java\jdk1.8.0\jre\bin;C:\Program Files\dotnet\;N:\lizbit\Git\cmd;N:\lizbit\微信web开发者工具\dll;C:\Users\PCuser\AppData\Local\Microsoft\WindowsApps;;C:\Program Files\JetBrains\PyCharm Community Edition 2022.1\bin;;C:\Program Files\Azure Data Studio\bin;C:\Users\PCuser\.dotnet\tools
USERNAME=PCuser
OS=Windows_NT
PROCESSOR_IDENTIFIER=Intel64 Family 6 Model 158 Stepping 10, GenuineIntel



---------------  S Y S T E M  ---------------

OS: Windows 10 , 64 bit Build 19041 (10.0.19041.1741)

CPU:total 6 (initial active 6) (6 cores per cpu, 1 threads per core) family 6 model 158 stepping 10, cmov, cx8, fxsr, mmx, sse, sse2, sse3, ssse3, sse4.1, sse4.2, popcnt, avx, avx2, aes, clmul, erms, rtm, 3dnowpref, lzcnt, tsc, tscinvbit, bmi1, bmi2, adx

Memory: 4k page, physical 8204388k(1203436k free), swap 10301536k(5804k free)

vm_info: Java HotSpot(TM) 64-Bit Server VM (25.333-b02) for windows-amd64 JRE (1.8.0_333-b02), built on Apr 25 2022 22:49:11 by "java_re" with MS VC++ 15.9 (VS2017)

time: Tue Jul 11 15:35:49 2023
timezone: 中国标准时间
elapsed time: 4.663930 seconds (0d 0h 0m 4s)

