#
# There is insufficient memory for the Java Runtime Environment to continue.
# Native memory allocation (malloc) failed to allocate 1459264 bytes for Chunk::new
# Possible reasons:
#   The system is out of physical RAM or swap space
#   The process is running with CompressedOops enabled, and the Java Heap may be blocking the growth of the native heap
# Possible solutions:
#   Reduce memory load on the system
#   Increase physical memory or swap space
#   Check if swap backing store is full
#   Decrease Java heap size (-Xmx/-Xms)
#   Decrease number of Java threads
#   Decrease Java thread stack sizes (-Xss)
#   Set larger code cache with -XX:ReservedCodeCacheSize=
#   JVM is running with Unscaled Compressed Oops mode in which the Java heap is
#     placed in the first 4GB address space. The Java Heap base address is the
#     maximum limit for the native heap growth. Please use -XX:HeapBaseMinAddress
#     to set the Java Heap base and to place the Java Heap above 4GB virtual address.
# This output file may be truncated or incomplete.
#
#  Out of Memory Error (allocation.cpp:389), pid=13072, tid=0x0000000000002bf4
#
# JRE version: Java(TM) SE Runtime Environment (8.0_333-b02) (build 1.8.0_333-b02)
# Java VM: Java HotSpot(TM) 64-Bit Server VM (25.333-b02 mixed mode windows-amd64 compressed oops)
# Failed to write core dump. Minidumps are not enabled by default on client versions of Windows
#

---------------  T H R E A D  ---------------

Current thread (0x000001d16d766800):  JavaThread "C2 CompilerThread0" daemon [_thread_in_native, id=11252, stack(0x0000007120d00000,0x0000007120e00000)]

Stack: [0x0000007120d00000,0x0000007120e00000]
Native frames: (J=compiled Java code, j=interpreted, Vv=VM code, C=native code)
V  [jvm.dll+0x32fc49]
V  [jvm.dll+0x2761a2]
V  [jvm.dll+0x276e4d]
V  [jvm.dll+0x26d7f5]
V  [jvm.dll+0xd5a0c]
V  [jvm.dll+0xd620c]
V  [jvm.dll+0x4716f5]
V  [jvm.dll+0x438d60]
V  [jvm.dll+0x441d65]
V  [jvm.dll+0x441125]
V  [jvm.dll+0x42becb]
V  [jvm.dll+0xac68b]
V  [jvm.dll+0xaaceb]
V  [jvm.dll+0x23e6f2]
V  [jvm.dll+0x292edc]
C  [ucrtbase.dll+0x21bb2]
C  [KERNEL32.DLL+0x17034]
C  [ntdll.dll+0x52651]


Current CompileTask:
C2:   3753 3447   !   4       org.springframework.core.annotation.AnnotationsScanner::processMethodHierarchy (286 bytes)


---------------  P R O C E S S  ---------------

Java Threads: ( => current thread )
  0x000001d170384000 JavaThread "Druid-ConnectionPool-Destroy-1553991340" daemon [_thread_blocked, id=14600, stack(0x0000007121700000,0x0000007121800000)]
  0x000001d1702da000 JavaThread "Druid-ConnectionPool-Create-1553991340" daemon [_thread_blocked, id=17096, stack(0x0000007121600000,0x0000007121700000)]
  0x000001d17027d800 JavaThread "Abandoned connection cleanup thread" daemon [_thread_blocked, id=8868, stack(0x0000007121500000,0x0000007121600000)]
  0x000001d16e740000 JavaThread "container-0" [_thread_blocked, id=7328, stack(0x0000007121400000,0x0000007121500000)]
  0x000001d17015e000 JavaThread "Catalina-utility-2" [_thread_blocked, id=10324, stack(0x0000007121300000,0x0000007121400000)]
  0x000001d171f9d800 JavaThread "Catalina-utility-1" [_thread_blocked, id=3692, stack(0x0000007121200000,0x0000007121300000)]
  0x000001d16d812800 JavaThread "Service Thread" daemon [_thread_blocked, id=144, stack(0x0000007121000000,0x0000007121100000)]
  0x000001d16d771000 JavaThread "C1 CompilerThread2" daemon [_thread_in_vm, id=13952, stack(0x0000007120f00000,0x0000007121000000)]
  0x000001d16d76b000 JavaThread "C2 CompilerThread1" daemon [_thread_in_native, id=7652, stack(0x0000007120e00000,0x0000007120f00000)]
=>0x000001d16d766800 JavaThread "C2 CompilerThread0" daemon [_thread_in_native, id=11252, stack(0x0000007120d00000,0x0000007120e00000)]
  0x000001d16d761000 JavaThread "Monitor Ctrl-Break" daemon [_thread_in_native, id=7676, stack(0x0000007120c00000,0x0000007120d00000)]
  0x000001d16bcb3000 JavaThread "Attach Listener" daemon [_thread_blocked, id=10248, stack(0x0000007120b00000,0x0000007120c00000)]
  0x000001d16bc9f800 JavaThread "Signal Dispatcher" daemon [_thread_blocked, id=9388, stack(0x0000007120a00000,0x0000007120b00000)]
  0x000001d16bc2b800 JavaThread "Finalizer" daemon [_thread_blocked, id=11944, stack(0x0000007120900000,0x0000007120a00000)]
  0x000001d16bc24000 JavaThread "Reference Handler" daemon [_thread_blocked, id=3728, stack(0x0000007120800000,0x0000007120900000)]
  0x000001d155b15800 JavaThread "main" [_thread_in_native, id=8556, stack(0x0000007120000000,0x0000007120100000)]

Other Threads:
  0x000001d16bbfb000 VMThread [stack: 0x0000007120700000,0x0000007120800000] [id=8272]
  0x000001d16d85a800 WatcherThread [stack: 0x0000007121100000,0x0000007121200000] [id=10796]

VM state:not at safepoint (normal execution)

VM Mutex/Monitor currently owned by a thread: None

heap address: 0x0000000082c00000, size: 2004 MB, Compressed Oops mode: 32-bit
Narrow klass base: 0x0000000000000000, Narrow klass shift: 3
Compressed class space size: 1073741824 Address: 0x0000000100000000

Heap:
 PSYoungGen      total 110592K, used 18656K [0x00000000d6400000, 0x00000000dda80000, 0x0000000100000000)
  eden space 101888K, 9% used [0x00000000d6400000,0x00000000d6dbb1d0,0x00000000dc780000)
  from space 8704K, 99% used [0x00000000dd000000,0x00000000dd87cff8,0x00000000dd880000)
  to   space 8704K, 0% used [0x00000000dc780000,0x00000000dc780000,0x00000000dd000000)
 ParOldGen       total 57344K, used 28856K [0x0000000082c00000, 0x0000000086400000, 0x00000000d6400000)
  object space 57344K, 50% used [0x0000000082c00000,0x000000008482e238,0x0000000086400000)
 Metaspace       used 35562K, capacity 37290K, committed 37504K, reserved 1081344K
  class space    used 4375K, capacity 4711K, committed 4736K, reserved 1048576K

Card table byte_map: [0x000001d1668b0000,0x000001d166ca0000] byte_map_base: 0x000001d16649a000

Marking Bits: (ParMarkBitMap*) 0x0000000059f29030
 Begin Bits: [0x000001d166f40000, 0x000001d168e90000)
 End Bits:   [0x000001d168e90000, 0x000001d16ade0000)

Polling page: 0x000001d1574c0000

CodeCache: size=245760Kb used=13444Kb max_used=13444Kb free=232315Kb
 bounds [0x000001d1574f0000, 0x000001d158220000, 0x000001d1664f0000]
 total_blobs=4137 nmethods=3696 adapters=353
 compilation: enabled

Compilation events (10 events):
Event: 3.728 Thread 0x000001d16d771000 3649       3       sun.misc.ProxyGenerator$ProxyMethod::<init> (64 bytes)
Event: 3.728 Thread 0x000001d16d771000 nmethod 3649 0x000001d1581d3a10 code [0x000001d1581d3be0, 0x000001d1581d4490]
Event: 3.729 Thread 0x000001d16d771000 3650       3       org.springframework.util.ConcurrentReferenceHashMap::putIfAbsent (8 bytes)
Event: 3.729 Thread 0x000001d16d771000 nmethod 3650 0x000001d1581d5750 code [0x000001d1581d5920, 0x000001d1581d6110]
Event: 3.729 Thread 0x000001d16d76b000 nmethod 3569 0x000001d1581d1fd0 code [0x000001d1581d2120, 0x000001d1581d2378]
Event: 3.729 Thread 0x000001d16d76b000 3643   !   4       java.util.zip.ZipFile::close (223 bytes)
Event: 3.731 Thread 0x000001d16d771000 3651       3       java.lang.ThreadLocal$ThreadLocalMap::access$100 (7 bytes)
Event: 3.731 Thread 0x000001d16d771000 nmethod 3651 0x000001d1581d1c10 code [0x000001d1581d1d80, 0x000001d1581d1ef0]
Event: 3.731 Thread 0x000001d16d771000 3652       3       org.springframework.beans.factory.config.DependencyDescriptor::getDependencyType (123 bytes)
Event: 3.732 Thread 0x000001d16d771000 nmethod 3652 0x000001d1581d7f50 code [0x000001d1581d8200, 0x000001d1581d9ac0]

GC Heap History (10 events):
Event: 1.937 GC heap before
{Heap before GC invocations=8 (full 1):
 PSYoungGen      total 110592K, used 108797K [0x00000000d6400000, 0x00000000dda80000, 0x0000000100000000)
  eden space 101888K, 100% used [0x00000000d6400000,0x00000000dc780000,0x00000000dc780000)
  from space 8704K, 79% used [0x00000000dd000000,0x00000000dd6bf718,0x00000000dd880000)
  to   space 8704K, 0% used [0x00000000dc780000,0x00000000dc780000,0x00000000dd000000)
 ParOldGen       total 57344K, used 6959K [0x0000000082c00000, 0x0000000086400000, 0x00000000d6400000)
  object space 57344K, 12% used [0x0000000082c00000,0x00000000832cbd58,0x0000000086400000)
 Metaspace       used 22178K, capacity 23124K, committed 23296K, reserved 1069056K
  class space    used 2743K, capacity 2946K, committed 3072K, reserved 1048576K
Event: 1.954 GC heap after
Heap after GC invocations=8 (full 1):
 PSYoungGen      total 110592K, used 8702K [0x00000000d6400000, 0x00000000dda80000, 0x0000000100000000)
  eden space 101888K, 0% used [0x00000000d6400000,0x00000000d6400000,0x00000000dc780000)
  from space 8704K, 99% used [0x00000000dc780000,0x00000000dcfffb28,0x00000000dd000000)
  to   space 8704K, 0% used [0x00000000dd000000,0x00000000dd000000,0x00000000dd880000)
 ParOldGen       total 57344K, used 19757K [0x0000000082c00000, 0x0000000086400000, 0x00000000d6400000)
  object space 57344K, 34% used [0x0000000082c00000,0x0000000083f4b7f8,0x0000000086400000)
 Metaspace       used 22178K, capacity 23124K, committed 23296K, reserved 1069056K
  class space    used 2743K, capacity 2946K, committed 3072K, reserved 1048576K
}
Event: 2.222 GC heap before
{Heap before GC invocations=9 (full 1):
 PSYoungGen      total 110592K, used 110590K [0x00000000d6400000, 0x00000000dda80000, 0x0000000100000000)
  eden space 101888K, 100% used [0x00000000d6400000,0x00000000dc780000,0x00000000dc780000)
  from space 8704K, 99% used [0x00000000dc780000,0x00000000dcfffb28,0x00000000dd000000)
  to   space 8704K, 0% used [0x00000000dd000000,0x00000000dd000000,0x00000000dd880000)
 ParOldGen       total 57344K, used 19757K [0x0000000082c00000, 0x0000000086400000, 0x00000000d6400000)
  object space 57344K, 34% used [0x0000000082c00000,0x0000000083f4b7f8,0x0000000086400000)
 Metaspace       used 22180K, capacity 23124K, committed 23296K, reserved 1069056K
  class space    used 2743K, capacity 2946K, committed 3072K, reserved 1048576K
Event: 2.234 GC heap after
Heap after GC invocations=9 (full 1):
 PSYoungGen      total 110592K, used 8684K [0x00000000d6400000, 0x00000000dda80000, 0x0000000100000000)
  eden space 101888K, 0% used [0x00000000d6400000,0x00000000d6400000,0x00000000dc780000)
  from space 8704K, 99% used [0x00000000dd000000,0x00000000dd87b2d8,0x00000000dd880000)
  to   space 8704K, 0% used [0x00000000dc780000,0x00000000dc780000,0x00000000dd000000)
 ParOldGen       total 57344K, used 29861K [0x0000000082c00000, 0x0000000086400000, 0x00000000d6400000)
  object space 57344K, 52% used [0x0000000082c00000,0x0000000084929780,0x0000000086400000)
 Metaspace       used 22180K, capacity 23124K, committed 23296K, reserved 1069056K
  class space    used 2743K, capacity 2946K, committed 3072K, reserved 1048576K
}
Event: 2.724 GC heap before
{Heap before GC invocations=10 (full 1):
 PSYoungGen      total 110592K, used 110572K [0x00000000d6400000, 0x00000000dda80000, 0x0000000100000000)
  eden space 101888K, 100% used [0x00000000d6400000,0x00000000dc780000,0x00000000dc780000)
  from space 8704K, 99% used [0x00000000dd000000,0x00000000dd87b2d8,0x00000000dd880000)
  to   space 8704K, 0% used [0x00000000dc780000,0x00000000dc780000,0x00000000dd000000)
 ParOldGen       total 57344K, used 29861K [0x0000000082c00000, 0x0000000086400000, 0x00000000d6400000)
  object space 57344K, 52% used [0x0000000082c00000,0x0000000084929780,0x0000000086400000)
 Metaspace       used 24330K, capacity 25410K, committed 25600K, reserved 1071104K
  class space    used 3043K, capacity 3273K, committed 3328K, reserved 1048576K
Event: 2.739 GC heap after
Heap after GC invocations=10 (full 1):
 PSYoungGen      total 110592K, used 8696K [0x00000000d6400000, 0x00000000dda80000, 0x0000000100000000)
  eden space 101888K, 0% used [0x00000000d6400000,0x00000000d6400000,0x00000000dc780000)
  from space 8704K, 99% used [0x00000000dc780000,0x00000000dcffe078,0x00000000dd000000)
  to   space 8704K, 0% used [0x00000000dd000000,0x00000000dd000000,0x00000000dd880000)
 ParOldGen       total 57344K, used 45290K [0x0000000082c00000, 0x0000000086400000, 0x00000000d6400000)
  object space 57344K, 78% used [0x0000000082c00000,0x000000008583a820,0x0000000086400000)
 Metaspace       used 24330K, capacity 25410K, committed 25600K, reserved 1071104K
  class space    used 3043K, capacity 3273K, committed 3328K, reserved 1048576K
}
Event: 2.739 GC heap before
{Heap before GC invocations=11 (full 2):
 PSYoungGen      total 110592K, used 8696K [0x00000000d6400000, 0x00000000dda80000, 0x0000000100000000)
  eden space 101888K, 0% used [0x00000000d6400000,0x00000000d6400000,0x00000000dc780000)
  from space 8704K, 99% used [0x00000000dc780000,0x00000000dcffe078,0x00000000dd000000)
  to   space 8704K, 0% used [0x00000000dd000000,0x00000000dd000000,0x00000000dd880000)
 ParOldGen       total 57344K, used 45290K [0x0000000082c00000, 0x0000000086400000, 0x00000000d6400000)
  object space 57344K, 78% used [0x0000000082c00000,0x000000008583a820,0x0000000086400000)
 Metaspace       used 24330K, capacity 25410K, committed 25600K, reserved 1071104K
  class space    used 3043K, capacity 3273K, committed 3328K, reserved 1048576K
Event: 2.773 GC heap after
Heap after GC invocations=11 (full 2):
 PSYoungGen      total 110592K, used 0K [0x00000000d6400000, 0x00000000dda80000, 0x0000000100000000)
  eden space 101888K, 0% used [0x00000000d6400000,0x00000000d6400000,0x00000000dc780000)
  from space 8704K, 0% used [0x00000000dc780000,0x00000000dc780000,0x00000000dd000000)
  to   space 8704K, 0% used [0x00000000dd000000,0x00000000dd000000,0x00000000dd880000)
 ParOldGen       total 57344K, used 27953K [0x0000000082c00000, 0x0000000086400000, 0x00000000d6400000)
  object space 57344K, 48% used [0x0000000082c00000,0x000000008474c688,0x0000000086400000)
 Metaspace       used 24330K, capacity 25410K, committed 25600K, reserved 1071104K
  class space    used 3043K, capacity 3273K, committed 3328K, reserved 1048576K
}
Event: 3.718 GC heap before
{Heap before GC invocations=12 (full 2):
 PSYoungGen      total 110592K, used 101888K [0x00000000d6400000, 0x00000000dda80000, 0x0000000100000000)
  eden space 101888K, 100% used [0x00000000d6400000,0x00000000dc780000,0x00000000dc780000)
  from space 8704K, 0% used [0x00000000dc780000,0x00000000dc780000,0x00000000dd000000)
  to   space 8704K, 0% used [0x00000000dd000000,0x00000000dd000000,0x00000000dd880000)
 ParOldGen       total 57344K, used 27953K [0x0000000082c00000, 0x0000000086400000, 0x00000000d6400000)
  object space 57344K, 48% used [0x0000000082c00000,0x000000008474c688,0x0000000086400000)
 Metaspace       used 35389K, capacity 37122K, committed 37248K, reserved 1081344K
  class space    used 4361K, capacity 4677K, committed 4736K, reserved 1048576K
Event: 3.723 GC heap after
Heap after GC invocations=12 (full 2):
 PSYoungGen      total 110592K, used 8691K [0x00000000d6400000, 0x00000000dda80000, 0x0000000100000000)
  eden space 101888K, 0% used [0x00000000d6400000,0x00000000d6400000,0x00000000dc780000)
  from space 8704K, 99% used [0x00000000dd000000,0x00000000dd87cff8,0x00000000dd880000)
  to   space 8704K, 0% used [0x00000000dc780000,0x00000000dc780000,0x00000000dd000000)
 ParOldGen       total 57344K, used 28856K [0x0000000082c00000, 0x0000000086400000, 0x00000000d6400000)
  object space 57344K, 50% used [0x0000000082c00000,0x000000008482e238,0x0000000086400000)
 Metaspace       used 35389K, capacity 37122K, committed 37248K, reserved 1081344K
  class space    used 4361K, capacity 4677K, committed 4736K, reserved 1048576K
}

Deoptimization events (10 events):
Event: 3.301 Thread 0x000001d155b15800 Uncommon trap: reason=class_check action=maybe_recompile pc=0x000001d157d2b434 method=java.nio.charset.CharsetEncoder.replaceWith([B)Ljava/nio/charset/CharsetEncoder; @ 53
Event: 3.301 Thread 0x000001d155b15800 Uncommon trap: reason=class_check action=maybe_recompile pc=0x000001d157cf8df4 method=java.nio.charset.CharsetDecoder.replaceWith(Ljava/lang/String;)Ljava/nio/charset/CharsetDecoder; @ 63
Event: 3.305 Thread 0x000001d17027d800 Uncommon trap: reason=unstable_if action=reinterpret pc=0x000001d15773e990 method=java.util.zip.ZipCoder.getBytes(Ljava/lang/String;)[B @ 32
Event: 3.305 Thread 0x000001d17027d800 Uncommon trap: reason=unstable_if action=reinterpret pc=0x000001d157c5e478 method=java.util.zip.ZipCoder.getBytes(Ljava/lang/String;)[B @ 32
Event: 3.305 Thread 0x000001d17027d800 Uncommon trap: reason=unstable_if action=reinterpret pc=0x000001d1577439f8 method=java.util.zip.ZipCoder.getBytes(Ljava/lang/String;)[B @ 32
Event: 3.305 Thread 0x000001d17027d800 Uncommon trap: reason=unstable_if action=reinterpret pc=0x000001d157ff13d8 method=java.net.URL.<init>(Ljava/net/URL;Ljava/lang/String;Ljava/net/URLStreamHandler;)V @ 57
Event: 3.345 Thread 0x000001d155b15800 Uncommon trap: reason=unstable_if action=reinterpret pc=0x000001d157fa947c method=java.util.Properties.load0(Ljava/util/Properties$LineReader;)V @ 56
Event: 3.566 Thread 0x000001d155b15800 Uncommon trap: reason=unstable_if action=reinterpret pc=0x000001d157f9fac8 method=java.util.concurrent.ConcurrentHashMap.putVal(Ljava/lang/Object;Ljava/lang/Object;Z)Ljava/lang/Object; @ 331
Event: 3.566 Thread 0x000001d155b15800 Uncommon trap: reason=unstable_if action=reinterpret pc=0x000001d158124ec4 method=java.lang.Class.getGenericSuperclass()Ljava/lang/reflect/Type; @ 6
Event: 3.586 Thread 0x000001d155b15800 Uncommon trap: reason=null_check action=make_not_entrant pc=0x000001d1580fb6a0 method=java.lang.reflect.Array.newInstance(Ljava/lang/Class;I)Ljava/lang/Object; @ 2

Classes redefined (0 events):
No events

Internal exceptions (10 events):
Event: 3.289 Thread 0x000001d155b15800 Exception <a 'java/lang/ClassNotFoundException': com/alibaba/druid/pool/DruidAbstractDataSourceMBeanCustomizer> (0x00000000da131820) thrown at [C:\jenkins\workspace\8-2-build-windows-amd64-cygwin\jdk8u333\2551\hotspot\src\share\vm\classfile\systemDictiona
Event: 3.289 Thread 0x000001d155b15800 Exception <a 'java/lang/ClassNotFoundException': javax/sql/DataSourceCustomizer> (0x00000000da182e20) thrown at [C:\jenkins\workspace\8-2-build-windows-amd64-cygwin\jdk8u333\2551\hotspot\src\share\vm\classfile\systemDictionary.cpp, line 212]
Event: 3.290 Thread 0x000001d155b15800 Exception <a 'java/lang/ClassNotFoundException': javax/sql/CommonDataSourceCustomizer> (0x00000000da18da40) thrown at [C:\jenkins\workspace\8-2-build-windows-amd64-cygwin\jdk8u333\2551\hotspot\src\share\vm\classfile\systemDictionary.cpp, line 212]
Event: 3.290 Thread 0x000001d155b15800 Exception <a 'java/lang/ClassNotFoundException': java/sql/WrapperCustomizer> (0x00000000da19afe0) thrown at [C:\jenkins\workspace\8-2-build-windows-amd64-cygwin\jdk8u333\2551\hotspot\src\share\vm\classfile\systemDictionary.cpp, line 212]
Event: 3.290 Thread 0x000001d155b15800 Exception <a 'java/lang/ClassNotFoundException': com/alibaba/druid/proxy/jdbc/DataSourceProxyCustomizer> (0x00000000da1b2ef8) thrown at [C:\jenkins\workspace\8-2-build-windows-amd64-cygwin\jdk8u333\2551\hotspot\src\share\vm\classfile\systemDictionary.cpp,
Event: 3.290 Thread 0x000001d155b15800 Exception <a 'java/lang/ClassNotFoundException': java/sql/WrapperCustomizer> (0x00000000da1c4c68) thrown at [C:\jenkins\workspace\8-2-build-windows-amd64-cygwin\jdk8u333\2551\hotspot\src\share\vm\classfile\systemDictionary.cpp, line 212]
Event: 3.296 Thread 0x000001d155b15800 Exception <a 'java/security/PrivilegedActionException'> (0x00000000da2bc918) thrown at [C:\jenkins\workspace\8-2-build-windows-amd64-cygwin\jdk8u333\2551\hotspot\src\share\vm\prims\jvm.cpp, line 1523]
Event: 3.296 Thread 0x000001d155b15800 Exception <a 'java/security/PrivilegedActionException'> (0x00000000da2bcef8) thrown at [C:\jenkins\workspace\8-2-build-windows-amd64-cygwin\jdk8u333\2551\hotspot\src\share\vm\prims\jvm.cpp, line 1523]
Event: 3.296 Thread 0x000001d155b15800 Exception <a 'java/security/PrivilegedActionException'> (0x00000000da312cb8) thrown at [C:\jenkins\workspace\8-2-build-windows-amd64-cygwin\jdk8u333\2551\hotspot\src\share\vm\prims\jvm.cpp, line 1523]
Event: 3.296 Thread 0x000001d155b15800 Exception <a 'java/security/PrivilegedActionException'> (0x00000000da313298) thrown at [C:\jenkins\workspace\8-2-build-windows-amd64-cygwin\jdk8u333\2551\hotspot\src\share\vm\prims\jvm.cpp, line 1523]

Events (10 events):
Event: 3.734 loading class org/apache/ibatis/annotations/Options
Event: 3.734 loading class org/apache/ibatis/annotations/Options done
Event: 3.734 loading class org/apache/ibatis/annotations/Options$List
Event: 3.734 loading class org/apache/ibatis/annotations/Options$List done
Event: 3.734 loading class com/baomidou/mybatisplus/core/MybatisMapperAnnotationBuilder$AnnotationWrapper
Event: 3.734 loading class com/baomidou/mybatisplus/core/MybatisMapperAnnotationBuilder$AnnotationWrapper done
Event: 3.734 loading class com/baomidou/mybatisplus/core/MybatisMapperAnnotationBuilder$AnnotationWrapper
Event: 3.734 loading class com/baomidou/mybatisplus/core/MybatisMapperAnnotationBuilder$AnnotationWrapper done
Event: 3.734 loading class com/baomidou/mybatisplus/core/MybatisConfiguration$StrictMap$Ambiguity
Event: 3.734 loading class com/baomidou/mybatisplus/core/MybatisConfiguration$StrictMap$Ambiguity done


Dynamic libraries:
0x00007ff624ff0000 - 0x00007ff625037000 	C:\Program Files\Java\jdk1.8.0\bin\java.exe
0x00007ffb3c470000 - 0x00007ffb3c667000 	C:\Windows\SYSTEM32\ntdll.dll
0x00007ffb3b190000 - 0x00007ffb3b24d000 	C:\Windows\System32\KERNEL32.DLL
0x00007ffb39be0000 - 0x00007ffb39ead000 	C:\Windows\System32\KERNELBASE.dll
0x00007ffb37090000 - 0x00007ffb37120000 	C:\Windows\SYSTEM32\apphelp.dll
0x00007ffb3b0a0000 - 0x00007ffb3b14e000 	C:\Windows\System32\ADVAPI32.dll
0x00007ffb3c2f0000 - 0x00007ffb3c38e000 	C:\Windows\System32\msvcrt.dll
0x00007ffb3c390000 - 0x00007ffb3c42c000 	C:\Windows\System32\sechost.dll
0x00007ffb3a4d0000 - 0x00007ffb3a5f5000 	C:\Windows\System32\RPCRT4.dll
0x00007ffb3ad50000 - 0x00007ffb3aef0000 	C:\Windows\System32\USER32.dll
0x00007ffb3a430000 - 0x00007ffb3a452000 	C:\Windows\System32\win32u.dll
0x00007ffb3bfd0000 - 0x00007ffb3bffa000 	C:\Windows\System32\GDI32.dll
0x00007ffb3a0c0000 - 0x00007ffb3a1cb000 	C:\Windows\System32\gdi32full.dll
0x00007ffb3a390000 - 0x00007ffb3a42d000 	C:\Windows\System32\msvcp_win.dll
0x00007ffb3a1d0000 - 0x00007ffb3a2d0000 	C:\Windows\System32\ucrtbase.dll
0x00007ffb28a20000 - 0x00007ffb28cba000 	C:\Windows\WinSxS\amd64_microsoft.windows.common-controls_6595b64144ccf1df_6.0.19041.1110_none_60b5254171f9507e\COMCTL32.dll
0x00007ffb3b160000 - 0x00007ffb3b190000 	C:\Windows\System32\IMM32.DLL
0x00007ffb34350000 - 0x00007ffb34365000 	C:\Program Files\Java\jdk1.8.0\jre\bin\vcruntime140.dll
0x00007ffb1ee50000 - 0x00007ffb1eeeb000 	C:\Program Files\Java\jdk1.8.0\jre\bin\msvcp140.dll
0x0000000059740000 - 0x0000000059fa1000 	C:\Program Files\Java\jdk1.8.0\jre\bin\server\jvm.dll
0x00007ffb3c0e0000 - 0x00007ffb3c0e8000 	C:\Windows\System32\PSAPI.DLL
0x00007ffb2bdf0000 - 0x00007ffb2be17000 	C:\Windows\SYSTEM32\WINMM.dll
0x00007ffb33f90000 - 0x00007ffb33f9a000 	C:\Windows\SYSTEM32\VERSION.dll
0x00007ffb22510000 - 0x00007ffb22519000 	C:\Windows\SYSTEM32\WSOCK32.dll
0x00007ffb3b4a0000 - 0x00007ffb3b50b000 	C:\Windows\System32\WS2_32.dll
0x00007ffb38440000 - 0x00007ffb38452000 	C:\Windows\SYSTEM32\kernel.appcore.dll
0x00007ffb354a0000 - 0x00007ffb354b0000 	C:\Program Files\Java\jdk1.8.0\jre\bin\verify.dll
0x00007ffb34320000 - 0x00007ffb3434b000 	C:\Program Files\Java\jdk1.8.0\jre\bin\java.dll
0x00007ffb26150000 - 0x00007ffb26180000 	C:\Program Files\Java\jdk1.8.0\jre\bin\instrument.dll
0x00007ffb34300000 - 0x00007ffb34318000 	C:\Program Files\Java\jdk1.8.0\jre\bin\zip.dll
0x00007ffb3a600000 - 0x00007ffb3ad44000 	C:\Windows\System32\SHELL32.dll
0x00007ffb37b20000 - 0x00007ffb382b4000 	C:\Windows\SYSTEM32\windows.storage.dll
0x00007ffb3baa0000 - 0x00007ffb3bdf4000 	C:\Windows\System32\combase.dll
0x00007ffb39580000 - 0x00007ffb395ac000 	C:\Windows\SYSTEM32\Wldp.dll
0x00007ffb3b330000 - 0x00007ffb3b3dd000 	C:\Windows\System32\SHCORE.dll
0x00007ffb3be00000 - 0x00007ffb3be55000 	C:\Windows\System32\shlwapi.dll
0x00007ffb39ad0000 - 0x00007ffb39aef000 	C:\Windows\SYSTEM32\profapi.dll
0x00007ffb26130000 - 0x00007ffb2614a000 	N:\lizbit\IntelliJ IDEA 2021.1.3\bin\breakgen64.dll
0x00007ffb342e0000 - 0x00007ffb342fc000 	C:\Program Files\Java\jdk1.8.0\jre\bin\net.dll
0x00007ffb392e0000 - 0x00007ffb3934a000 	C:\Windows\system32\mswsock.dll
0x00007ffb353c0000 - 0x00007ffb353cd000 	C:\Program Files\Java\jdk1.8.0\jre\bin\management.dll
0x00007ffadda70000 - 0x00007ffadda87000 	C:\Windows\system32\napinsp.dll
0x00007ffadcc50000 - 0x00007ffadcc6b000 	C:\Windows\system32\pnrpnsp.dll
0x00007ffb0a130000 - 0x00007ffb0a145000 	C:\Windows\system32\wshbth.dll
0x00007ffb35240000 - 0x00007ffb3525d000 	C:\Windows\system32\NLAapi.dll
0x00007ffb38fd0000 - 0x00007ffb3900b000 	C:\Windows\SYSTEM32\IPHLPAPI.DLL
0x00007ffb39010000 - 0x00007ffb390db000 	C:\Windows\SYSTEM32\DNSAPI.dll
0x00007ffb3b150000 - 0x00007ffb3b158000 	C:\Windows\System32\NSI.dll
0x00007ffadcc30000 - 0x00007ffadcc42000 	C:\Windows\System32\winrnr.dll
0x00007ffb2ed00000 - 0x00007ffb2ed0a000 	C:\Windows\System32\rasadhlp.dll
0x00007ffb31e70000 - 0x00007ffb31ef0000 	C:\Windows\System32\fwpuclnt.dll
0x00007ffb3a2d0000 - 0x00007ffb3a2f7000 	C:\Windows\System32\bcrypt.dll
0x00007ffb327c0000 - 0x00007ffb327d3000 	C:\Program Files\Java\jdk1.8.0\jre\bin\nio.dll
0x00007ffb394d0000 - 0x00007ffb394e8000 	C:\Windows\SYSTEM32\CRYPTSP.dll
0x00007ffb38c60000 - 0x00007ffb38c94000 	C:\Windows\system32\rsaenh.dll
0x00007ffb39a50000 - 0x00007ffb39a7e000 	C:\Windows\SYSTEM32\USERENV.dll
0x00007ffb3a300000 - 0x00007ffb3a382000 	C:\Windows\System32\bcryptprimitives.dll
0x00007ffb394f0000 - 0x00007ffb394fc000 	C:\Windows\SYSTEM32\CRYPTBASE.dll
0x00007ffb33230000 - 0x00007ffb33247000 	C:\Windows\SYSTEM32\dhcpcsvc6.DLL
0x00007ffb32ed0000 - 0x00007ffb32eed000 	C:\Windows\SYSTEM32\dhcpcsvc.DLL
0x00007ffb1fde0000 - 0x00007ffb1ffc4000 	C:\Windows\SYSTEM32\dbghelp.dll

VM Arguments:
jvm_args: -javaagent:N:\lizbit\IntelliJ IDEA 2021.1.3\lib\idea_rt.jar=50116:N:\lizbit\IntelliJ IDEA 2021.1.3\bin -Dfile.encoding=UTF-8 
java_command: com.example.shop.ShopApplication
java_class_path (initial): C:\Program Files\Java\jdk1.8.0\jre\lib\charsets.jar;C:\Program Files\Java\jdk1.8.0\jre\lib\deploy.jar;C:\Program Files\Java\jdk1.8.0\jre\lib\ext\access-bridge-64.jar;C:\Program Files\Java\jdk1.8.0\jre\lib\ext\cldrdata.jar;C:\Program Files\Java\jdk1.8.0\jre\lib\ext\dnsns.jar;C:\Program Files\Java\jdk1.8.0\jre\lib\ext\jaccess.jar;C:\Program Files\Java\jdk1.8.0\jre\lib\ext\jfxrt.jar;C:\Program Files\Java\jdk1.8.0\jre\lib\ext\localedata.jar;C:\Program Files\Java\jdk1.8.0\jre\lib\ext\nashorn.jar;C:\Program Files\Java\jdk1.8.0\jre\lib\ext\sunec.jar;C:\Program Files\Java\jdk1.8.0\jre\lib\ext\sunjce_provider.jar;C:\Program Files\Java\jdk1.8.0\jre\lib\ext\sunmscapi.jar;C:\Program Files\Java\jdk1.8.0\jre\lib\ext\sunpkcs11.jar;C:\Program Files\Java\jdk1.8.0\jre\lib\ext\zipfs.jar;C:\Program Files\Java\jdk1.8.0\jre\lib\javaws.jar;C:\Program Files\Java\jdk1.8.0\jre\lib\jce.jar;C:\Program Files\Java\jdk1.8.0\jre\lib\jfr.jar;C:\Program Files\Java\jdk1.8.0\jre\lib\jfxswt.jar;C:\Program Files\Java\jdk1.8.0\jre\lib\jsse.jar;C:\Program Files\Java\jdk1.8.0\jre\lib\management-agent.jar;C:\Program Files\Java\jdk1.8.0\jre\lib\plugin.jar;C:\Program Files\Java\jdk1.8.0\jre\lib\resources.jar;C:\Program Files\Java\jdk1.8.0\jre\lib\rt.jar;N:\lizbit\shop\target\classes;C:\Users\PCuser\.m2\repository\org\projectlombok\lombok\1.16.10\lombok-1.16.10.jar;C:\Users\PCuser\.m2\repository\org\springframework\boot\spring-boot-starter-web\2.3.2.RELEASE\spring-boot-starter-web-2.3.2.RELEASE.jar;C:\Users\PCuser\.m2\repository\org\springframework\boot\spring-boot-starter\2.3.2.RELEASE\spring-boot-starter-2.3.2.RELEASE.jar;C:\Users\PCuser\.m2\repository\org\springframework\boot\spring-boot\2.3.2.RELEASE\spring-boot-2.3.2.RELEASE.jar;C:\Users\PCuser\.m2\repository\org\springframework\boot\spring-boot-starter-logging\2.3.2.RELEASE\spring-boot-starter-logging-2.3.2.RELEASE.jar;C:\Users\PCuser\.m2\repository\ch\qos\logback\logback-classic\1.2.3\logback-classic-1.2.3.jar;C:\Users\PCuse
Launcher Type: SUN_STANDARD

Environment Variables:
JAVA_HOME=C:\Program Files\Java\jdk1.8.0
PATH=C:\Program Files (x86)\Common Files\Oracle\Java\javapath;C:\Windows\system32;C:\Windows;C:\Windows\System32\Wbem;C:\Windows\System32\WindowsPowerShell\v1.0\;C:\Windows\System32\OpenSSH\;C:\Program Files\MATLAB\R2017b\runtime\win64;C:\Program Files\MATLAB\R2017b\bin;C:\Program Files\IBM\SPSS\Statistics\25\JRE\bin;C:\Program Files\Microsoft SQL Server\Client SDK\ODBC\170\Tools\Binn\;C:\Program Files (x86)\Microsoft SQL Server\150\Tools\Binn\;C:\Program Files\Microsoft SQL Server\150\Tools\Binn\;C:\Program Files\Microsoft SQL Server\150\DTS\Binn\;C:\Program Files (x86)\Microsoft SQL Server\150\DTS\Binn\;C:\Program Files\Azure Data Studio\bin;C:\Program Files\Java\jdk1.8.0\bin;C:\Program Files\Java\jdk1.8.0\jre\bin;C:\Program Files\dotnet\;N:\lizbit\Git\cmd;N:\lizbit\微信web开发者工具\dll;C:\Users\PCuser\AppData\Local\Microsoft\WindowsApps;C:\Program Files\JetBrains\PyCharm Community Edition 2022.1\bin;C:\Users\PCuser\.dotnet\tools
USERNAME=PCuser
OS=Windows_NT
PROCESSOR_IDENTIFIER=Intel64 Family 6 Model 158 Stepping 10, GenuineIntel



---------------  S Y S T E M  ---------------

OS: Windows 10 , 64 bit Build 19041 (10.0.19041.1741)

CPU:total 6 (initial active 6) (6 cores per cpu, 1 threads per core) family 6 model 158 stepping 10, cmov, cx8, fxsr, mmx, sse, sse2, sse3, ssse3, sse4.1, sse4.2, popcnt, avx, avx2, aes, clmul, erms, rtm, 3dnowpref, lzcnt, tsc, tscinvbit, bmi1, bmi2, adx

Memory: 4k page, physical 8204388k(723212k free), swap 10301536k(5520k free)

vm_info: Java HotSpot(TM) 64-Bit Server VM (25.333-b02) for windows-amd64 JRE (1.8.0_333-b02), built on Apr 25 2022 22:49:11 by "java_re" with MS VC++ 15.9 (VS2017)

time: Tue Jul 11 14:39:30 2023
timezone: 中国标准时间
elapsed time: 3.758168 seconds (0d 0h 0m 3s)

